#
# A fatal error has been detected by the Java Runtime Environment:
#
#  SIGSEGV (0xb) at pc=0x00007fc8c5b629a8, pid=7411, tid=0x00007fc8754d3700
#
# JRE version: Java(TM) SE Runtime Environment (8.0_171-b11) (build 1.8.0_171-b11)
# Java VM: Java HotSpot(TM) 64-Bit Server VM (25.171-b11 mixed mode linux-amd64 compressed oops)
# Problematic frame:
# V  [libjvm.so+0x6d79a8]  jni_invoke_nonstatic(JNIEnv_*, JavaValue*, _jobject*, JNICallType, _jmethodID*, JNI_ArgumentPusher*, Thread*)+0x38
#
# Failed to write core dump. Core dumps have been disabled. To enable core dumping, try "ulimit -c unlimited" before starting Java again
#
# If you would like to submit a bug report, please visit:
#   http://bugreport.java.com/bugreport/crash.jsp
#

---------------  T H R E A D  ---------------

Current thread (0x00007fc8c025a800):  JavaThread "JavaFX Application Thread" [_thread_in_vm, id=7436, stack(0x00007fc8753d3000,0x00007fc8754d4000)]

siginfo: si_signo: 11 (SIGSEGV), si_code: 1 (SEGV_MAPERR), si_addr: 0x0000000000000055

Registers:
RAX=0x00007fc8754d2140, RBX=0x00007fc8754d2050, RCX=0x0000000000000001, RDX=0x0000000000000055
RSP=0x00007fc8754d1ea0, RBP=0x00007fc8754d2020, RSI=0x00007fc8754d20b0, RDI=0x00007fc8c025a9f8
R8 =0x00007fc8c026f5e8, R9 =0x00007fc8754d2050, R10=0x00007fc86c000b70, R11=0x00007fc8b1424220
R12=0x00007fc8c025a800, R13=0x00007fc8c026f5e8, R14=0x0000000000000001, R15=0x00007fc8c025a9f8
RIP=0x00007fc8c5b629a8, EFLAGS=0x0000000000010206, CSGSFS=0x002b000000000033, ERR=0x0000000000000004
  TRAPNO=0x000000000000000e

Top of Stack: (sp=0x00007fc8754d1ea0)
0x00007fc8754d1ea0:   00007fc8754d25a0 00007fc8754d21c0
0x00007fc8754d1eb0:   00007fc8754d1f00 00007fc8754d1f80
0x00007fc8754d1ec0:   00007fc8754d2050 00007fc8754d20b0
0x00007fc8754d1ed0:   00007fc8c025a9f8 00007fc8c5b824b0
0x00007fc8754d1ee0:   00007fc8880099f0 00007fc888009a00
0x00007fc8754d1ef0:   00007fc888009dd8 00000000000003d8
0x00007fc8754d1f00:   0000000000000000 00000000e208ca10
0x00007fc8754d1f10:   00007fc80000006f 00007fc80000000a
0x00007fc8754d1f20:   00000000f6094be8 0000000000000000
0x00007fc8754d1f30:   0000000000000000 0000000000000000
0x00007fc8754d1f40:   00007fc8af63cd98 0000000100000100
0x00007fc8754d1f50:   0000000000000000 00007fc8754d1f08
0x00007fc8754d1f60:   00007fc8754d1f49 0000000800000005
0x00007fc8754d1f70:   0000000000000000 00007fc8c0259920
0x00007fc8754d1f80:   00007fc8c63f67b0 00007fc8c408e7a0
0x00007fc8754d1f90:   00000000c02590b0 00007fc8c025a800
0x00007fc8754d1fa0:   0000000000000000 00007fc8c5b62d7b
0x00007fc8754d1fb0:   00007fc8af634700 00007fc8c025a800
0x00007fc8754d1fc0:   00007fc8af634700 00007fc8c025a800
0x00007fc8754d1fd0:   00007fc8754d2160 00007fc8af634700
0x00007fc8754d1fe0:   00007fc8af634700 00007fc8af634700
0x00007fc8754d1ff0:   00007fc8880099f0 00007fc8754d2050
0x00007fc8754d2000:   00007fc8c025a800 00007fc8754d2090
0x00007fc8754d2010:   00007fc8c026f5e8 00007fc8c025a9f8
0x00007fc8754d2020:   00007fc8754d2110 00007fc8c5b6714f
0x00007fc8754d2030:   00007fc8c025a800 00007fc8ac842094
0x00007fc8754d2040:   00007fc8754d2128 0000000000000055
0x00007fc8754d2050:   00007fc8c63f7430 00007fc8c408e7a0
0x00007fc8754d2060:   00000000754d20d0 a4611cbd00000063
0x00007fc8754d2070:   0000000000000000 0000003000000018
0x00007fc8754d2080:   00007fc8754d2200 00007fc8754d2140
0x00007fc8754d2090:   00007fc8c025a800 0000000000000000 

Instructions: (pc=0x00007fc8c5b629a8)
0x00007fc8c5b62988:   00 00 48 85 d2 48 89 bd b0 fe ff ff 48 89 b5 a8
0x00007fc8c5b62998:   fe ff ff 4c 89 8d a0 fe ff ff 0f 84 78 09 00 00
0x00007fc8c5b629a8:   4c 8b 22 4d 85 e4 0f 84 6c 09 00 00 48 8b 45 10
0x00007fc8c5b629b8:   48 8b 98 38 01 00 00 48 83 7b 18 f7 0f 87 16 07 

Register to memory mapping:

RAX=0x00007fc8754d2140 is pointing into the stack for thread: 0x00007fc8c025a800
RBX=0x00007fc8754d2050 is pointing into the stack for thread: 0x00007fc8c025a800
RCX=0x0000000000000001 is an unknown value
RDX=0x0000000000000055 is an unknown value
RSP=0x00007fc8754d1ea0 is pointing into the stack for thread: 0x00007fc8c025a800
RBP=0x00007fc8754d2020 is pointing into the stack for thread: 0x00007fc8c025a800
RSI=0x00007fc8754d20b0 is pointing into the stack for thread: 0x00007fc8c025a800
RDI=0x00007fc8c025a9f8 is an unknown value
R8 =0x00007fc8c026f5e8 is an unknown value
R9 =0x00007fc8754d2050 is pointing into the stack for thread: 0x00007fc8c025a800
R10=0x00007fc86c000b70 is an unknown value
R11=0x00007fc8b1424220 is at entry_point+32 in (nmethod*)0x00007fc8b1424090
R12=0x00007fc8c025a800 is a thread
R13=0x00007fc8c026f5e8 is an unknown value
R14=0x0000000000000001 is an unknown value
R15=0x00007fc8c025a9f8 is an unknown value


Stack: [0x00007fc8753d3000,0x00007fc8754d4000],  sp=0x00007fc8754d1ea0,  free space=1019k
Native frames: (J=compiled Java code, j=interpreted, Vv=VM code, C=native code)
V  [libjvm.so+0x6d79a8]  jni_invoke_nonstatic(JNIEnv_*, JavaValue*, _jobject*, JNICallType, _jmethodID*, JNI_ArgumentPusher*, Thread*)+0x38
V  [libjvm.so+0x6dc14f]  jni_CallVoidMethodV+0x10f
C  [libglass.so+0x18641]  JNIEnv_::CallVoidMethod(_jobject*, _jmethodID*, ...)+0x81
C  [libglass.so+0x14f0f]  WindowContextBase::process_key(_GdkEventKey*)+0x20f
C  [libglass.so+0x19f60]  WindowContextBase::im_filter_keypress(_GdkEventKey*)+0x1c0
C  [libglass.so+0x1a91c]  process_events(_GdkEvent*, void*)+0x22c
C  [libgdk-x11-2.0.so.0+0x5ac8c]

Java frames: (J=compiled Java code, j=interpreted, Vv=VM code)
j  com.sun.glass.ui.gtk.GtkApplication._runLoop(Ljava/lang/Runnable;Z)V+0
j  com.sun.glass.ui.gtk.GtkApplication.lambda$null$48(Ljava/lang/Runnable;Z)V+7
j  com.sun.glass.ui.gtk.GtkApplication$$Lambda$41.run()V+12
j  java.lang.Thread.run()V+11
v  ~StubRoutines::call_stub

---------------  P R O C E S S  ---------------

Java Threads: ( => current thread )
  0x00007fc86c14f800 JavaThread "Abandoned connection cleanup thread" daemon [_thread_blocked, id=7457, stack(0x00007fc8665d6000,0x00007fc8666d7000)]
  0x00007fc86c2b3000 JavaThread "Prism Font Disposer" daemon [_thread_blocked, id=7446, stack(0x00007fc8672c4000,0x00007fc8673c5000)]
  0x00007fc8c02cd000 JavaThread "JavaFX-Launcher" [_thread_blocked, id=7439, stack(0x00007fc8742d0000,0x00007fc8743d1000)]
=>0x00007fc8c025a800 JavaThread "JavaFX Application Thread" [_thread_in_vm, id=7436, stack(0x00007fc8753d3000,0x00007fc8754d4000)]
  0x00007fc8c0257000 JavaThread "Thread-1" daemon [_thread_blocked, id=7435, stack(0x00007fc87c005000,0x00007fc87c106000)]
  0x00007fc8c025c800 JavaThread "QuantumRenderer-0" daemon [_thread_blocked, id=7432, stack(0x00007fc8ad2bb000,0x00007fc8ad3bc000)]
  0x00007fc8c015c800 JavaThread "Service Thread" daemon [_thread_blocked, id=7426, stack(0x00007fc8ad552000,0x00007fc8ad653000)]
  0x00007fc8c013f800 JavaThread "C1 CompilerThread1" daemon [_thread_blocked, id=7425, stack(0x00007fc8ad653000,0x00007fc8ad754000)]
  0x00007fc8c013d000 JavaThread "C2 CompilerThread0" daemon [_thread_blocked, id=7424, stack(0x00007fc8ad754000,0x00007fc8ad855000)]
  0x00007fc8c013b800 JavaThread "Signal Dispatcher" daemon [_thread_blocked, id=7423, stack(0x00007fc8ad855000,0x00007fc8ad956000)]
  0x00007fc8c0107800 JavaThread "Finalizer" daemon [_thread_blocked, id=7420, stack(0x00007fc8ae316000,0x00007fc8ae417000)]
  0x00007fc8c0103000 JavaThread "Reference Handler" daemon [_thread_blocked, id=7419, stack(0x00007fc8ae417000,0x00007fc8ae518000)]
  0x00007fc8c000a800 JavaThread "main" [_thread_blocked, id=7415, stack(0x00007fc8c6f90000,0x00007fc8c7091000)]

Other Threads:
  0x00007fc8c00fb800 VMThread [stack: 0x00007fc8ae518000,0x00007fc8ae619000] [id=7418]
  0x00007fc8c0161800 WatcherThread [stack: 0x00007fc8ad451000,0x00007fc8ad552000] [id=7431]

VM state:not at safepoint (normal execution)

VM Mutex/Monitor currently owned by a thread: None

Heap:
 PSYoungGen      total 20992K, used 13056K [0x00000000f5f80000, 0x00000000f7900000, 0x0000000100000000)
  eden space 16896K, 71% used [0x00000000f5f80000,0x00000000f6b54130,0x00000000f7000000)
  from space 4096K, 23% used [0x00000000f7500000,0x00000000f75ec010,0x00000000f7900000)
  to   space 4608K, 0% used [0x00000000f7000000,0x00000000f7000000,0x00000000f7480000)
 ParOldGen       total 24576K, used 11367K [0x00000000e1e00000, 0x00000000e3600000, 0x00000000f5f80000)
  object space 24576K, 46% used [0x00000000e1e00000,0x00000000e2919f88,0x00000000e3600000)
 Metaspace       used 22433K, capacity 23696K, committed 23936K, reserved 1069056K
  class space    used 3127K, capacity 3374K, committed 3456K, reserved 1048576K

Card table byte_map: [0x00007fc8b0b4e000,0x00007fc8b0c40000] byte_map_base: 0x00007fc8b043f000

Marking Bits: (ParMarkBitMap*) 0x00007fc8c645b280
 Begin Bits: [0x00007fc8afa3c000, 0x00007fc8b01c4000)
 End Bits:   [0x00007fc8b01c4000, 0x00007fc8b094c000)

Polling page: 0x00007fc8c70ac000

CodeCache: size=245760Kb used=9832Kb max_used=9832Kb free=235927Kb
 bounds [0x00007fc8b1000000, 0x00007fc8b19b0000, 0x00007fc8c0000000]
 total_blobs=3806 nmethods=3087 adapters=634
 compilation: enabled

Compilation events (10 events):
Event: 54,401 Thread 0x00007fc8c013f800 3175       1       javafx.scene.input.MouseEvent::isMetaDown (5 bytes)
Event: 54,401 Thread 0x00007fc8c013f800 nmethod 3175 0x00007fc8b199e2d0 code [0x00007fc8b199e420, 0x00007fc8b199e530]
Event: 54,401 Thread 0x00007fc8c013f800 3176       1       javafx.scene.input.MouseEvent::isSynthesized (5 bytes)
Event: 54,401 Thread 0x00007fc8c013f800 nmethod 3176 0x00007fc8b199e590 code [0x00007fc8b199e6e0, 0x00007fc8b199e7f0]
Event: 54,401 Thread 0x00007fc8c013f800 3177       1       javafx.scene.input.MouseEvent::isPopupTrigger (5 bytes)
Event: 54,401 Thread 0x00007fc8c013f800 nmethod 3177 0x00007fc8b199e850 code [0x00007fc8b199e9a0, 0x00007fc8b199eab0]
Event: 55,185 Thread 0x00007fc8c013f800 3179       3       com.sun.javafx.event.EventHandlerManager::dispatchCapturingEvent (34 bytes)
Event: 55,186 Thread 0x00007fc8c013f800 nmethod 3179 0x00007fc8b199ee90 code [0x00007fc8b199f040, 0x00007fc8b199f738]
Event: 55,279 Thread 0x00007fc8c013f800 3180       3       com.sun.javafx.event.EventHandlerManager::dispatchBubblingEvent (34 bytes)
Event: 55,280 Thread 0x00007fc8c013f800 nmethod 3180 0x00007fc8b199f950 code [0x00007fc8b199fb00, 0x00007fc8b19a01f8]

GC Heap History (10 events):
Event: 51,694 GC heap before
{Heap before GC invocations=5 (full 0):
 PSYoungGen      total 9728K, used 9712K [0x00000000f5f80000, 0x00000000f6a00000, 0x0000000100000000)
  eden space 8704K, 100% used [0x00000000f5f80000,0x00000000f6800000,0x00000000f6800000)
  from space 1024K, 98% used [0x00000000f6900000,0x00000000f69fc038,0x00000000f6a00000)
  to   space 1024K, 0% used [0x00000000f6800000,0x00000000f6800000,0x00000000f6900000)
 ParOldGen       total 22016K, used 6781K [0x00000000e1e00000, 0x00000000e3380000, 0x00000000f5f80000)
  object space 22016K, 30% used [0x00000000e1e00000,0x00000000e249f4a8,0x00000000e3380000)
 Metaspace       used 20047K, capacity 20792K, committed 20992K, reserved 1067008K
  class space    used 2757K, capacity 2978K, committed 3072K, reserved 1048576K
Event: 51,725 GC heap after
Heap after GC invocations=5 (full 0):
 PSYoungGen      total 9728K, used 1008K [0x00000000f5f80000, 0x00000000f7100000, 0x0000000100000000)
  eden space 8704K, 0% used [0x00000000f5f80000,0x00000000f5f80000,0x00000000f6800000)
  from space 1024K, 98% used [0x00000000f6800000,0x00000000f68fc020,0x00000000f6900000)
  to   space 4608K, 0% used [0x00000000f6c80000,0x00000000f6c80000,0x00000000f7100000)
 ParOldGen       total 22016K, used 9200K [0x00000000e1e00000, 0x00000000e3380000, 0x00000000f5f80000)
  object space 22016K, 41% used [0x00000000e1e00000,0x00000000e26fc228,0x00000000e3380000)
 Metaspace       used 20047K, capacity 20792K, committed 20992K, reserved 1067008K
  class space    used 2757K, capacity 2978K, committed 3072K, reserved 1048576K
}
Event: 52,063 GC heap before
{Heap before GC invocations=6 (full 0):
 PSYoungGen      total 9728K, used 9160K [0x00000000f5f80000, 0x00000000f7100000, 0x0000000100000000)
  eden space 8704K, 93% used [0x00000000f5f80000,0x00000000f67761d8,0x00000000f6800000)
  from space 1024K, 98% used [0x00000000f6800000,0x00000000f68fc020,0x00000000f6900000)
  to   space 4608K, 0% used [0x00000000f6c80000,0x00000000f6c80000,0x00000000f7100000)
 ParOldGen       total 22016K, used 9200K [0x00000000e1e00000, 0x00000000e3380000, 0x00000000f5f80000)
  object space 22016K, 41% used [0x00000000e1e00000,0x00000000e26fc228,0x00000000e3380000)
 Metaspace       used 20461K, capacity 21194K, committed 21248K, reserved 1067008K
  class space    used 2821K, capacity 3029K, committed 3072K, reserved 1048576K
Event: 52,081 GC heap after
Heap after GC invocations=6 (full 0):
 PSYoungGen      total 13312K, used 1440K [0x00000000f5f80000, 0x00000000f7980000, 0x0000000100000000)
  eden space 8704K, 0% used [0x00000000f5f80000,0x00000000f5f80000,0x00000000f6800000)
  from space 4608K, 31% used [0x00000000f6c80000,0x00000000f6de8030,0x00000000f7100000)
  to   space 4608K, 0% used [0x00000000f6800000,0x00000000f6800000,0x00000000f6c80000)
 ParOldGen       total 22016K, used 9208K [0x00000000e1e00000, 0x00000000e3380000, 0x00000000f5f80000)
  object space 22016K, 41% used [0x00000000e1e00000,0x00000000e26fe228,0x00000000e3380000)
 Metaspace       used 20461K, capacity 21194K, committed 21248K, reserved 1067008K
  class space    used 2821K, capacity 3029K, committed 3072K, reserved 1048576K
}
Event: 52,124 GC heap before
{Heap before GC invocations=7 (full 0):
 PSYoungGen      total 13312K, used 2763K [0x00000000f5f80000, 0x00000000f7980000, 0x0000000100000000)
  eden space 8704K, 15% used [0x00000000f5f80000,0x00000000f60cacb0,0x00000000f6800000)
  from space 4608K, 31% used [0x00000000f6c80000,0x00000000f6de8030,0x00000000f7100000)
  to   space 4608K, 0% used [0x00000000f6800000,0x00000000f6800000,0x00000000f6c80000)
 ParOldGen       total 22016K, used 9208K [0x00000000e1e00000, 0x00000000e3380000, 0x00000000f5f80000)
  object space 22016K, 41% used [0x00000000e1e00000,0x00000000e26fe228,0x00000000e3380000)
 Metaspace       used 20463K, capacity 21194K, committed 21248K, reserved 1067008K
  class space    used 2821K, capacity 3029K, committed 3072K, reserved 1048576K
Event: 52,134 GC heap after
Heap after GC invocations=7 (full 0):
 PSYoungGen      total 13312K, used 2225K [0x00000000f5f80000, 0x00000000f7980000, 0x0000000100000000)
  eden space 8704K, 0% used [0x00000000f5f80000,0x00000000f5f80000,0x00000000f6800000)
  from space 4608K, 48% used [0x00000000f6800000,0x00000000f6a2c6f8,0x00000000f6c80000)
  to   space 4608K, 0% used [0x00000000f7500000,0x00000000f7500000,0x00000000f7980000)
 ParOldGen       total 22016K, used 9592K [0x00000000e1e00000, 0x00000000e3380000, 0x00000000f5f80000)
  object space 22016K, 43% used [0x00000000e1e00000,0x00000000e275e288,0x00000000e3380000)
 Metaspace       used 20463K, capacity 21194K, committed 21248K, reserved 1067008K
  class space    used 2821K, capacity 3029K, committed 3072K, reserved 1048576K
}
Event: 52,134 GC heap before
{Heap before GC invocations=8 (full 1):
 PSYoungGen      total 13312K, used 2225K [0x00000000f5f80000, 0x00000000f7980000, 0x0000000100000000)
  eden space 8704K, 0% used [0x00000000f5f80000,0x00000000f5f80000,0x00000000f6800000)
  from space 4608K, 48% used [0x00000000f6800000,0x00000000f6a2c6f8,0x00000000f6c80000)
  to   space 4608K, 0% used [0x00000000f7500000,0x00000000f7500000,0x00000000f7980000)
 ParOldGen       total 22016K, used 9592K [0x00000000e1e00000, 0x00000000e3380000, 0x00000000f5f80000)
  object space 22016K, 43% used [0x00000000e1e00000,0x00000000e275e288,0x00000000e3380000)
 Metaspace       used 20463K, capacity 21194K, committed 21248K, reserved 1067008K
  class space    used 2821K, capacity 3029K, committed 3072K, reserved 1048576K
Event: 52,286 GC heap after
Heap after GC invocations=8 (full 1):
 PSYoungGen      total 13312K, used 0K [0x00000000f5f80000, 0x00000000f7980000, 0x0000000100000000)
  eden space 8704K, 0% used [0x00000000f5f80000,0x00000000f5f80000,0x00000000f6800000)
  from space 4608K, 0% used [0x00000000f6800000,0x00000000f6800000,0x00000000f6c80000)
  to   space 4608K, 0% used [0x00000000f7500000,0x00000000f7500000,0x00000000f7980000)
 ParOldGen       total 24576K, used 11359K [0x00000000e1e00000, 0x00000000e3600000, 0x00000000f5f80000)
  object space 24576K, 46% used [0x00000000e1e00000,0x00000000e2917f88,0x00000000e3600000)
 Metaspace       used 20463K, capacity 21194K, committed 21248K, reserved 1067008K
  class space    used 2821K, capacity 3029K, committed 3072K, reserved 1048576K
}
Event: 53,532 GC heap before
{Heap before GC invocations=9 (full 1):
 PSYoungGen      total 13312K, used 8704K [0x00000000f5f80000, 0x00000000f7980000, 0x0000000100000000)
  eden space 8704K, 100% used [0x00000000f5f80000,0x00000000f6800000,0x00000000f6800000)
  from space 4608K, 0% used [0x00000000f6800000,0x00000000f6800000,0x00000000f6c80000)
  to   space 4608K, 0% used [0x00000000f7500000,0x00000000f7500000,0x00000000f7980000)
 ParOldGen       total 24576K, used 11359K [0x00000000e1e00000, 0x00000000e3600000, 0x00000000f5f80000)
  object space 24576K, 46% used [0x00000000e1e00000,0x00000000e2917f88,0x00000000e3600000)
 Metaspace       used 21730K, capacity 22854K, committed 23040K, reserved 1069056K
  class space    used 3043K, capacity 3275K, committed 3328K, reserved 1048576K
Event: 53,537 GC heap after
Heap after GC invocations=9 (full 1):
 PSYoungGen      total 20992K, used 944K [0x00000000f5f80000, 0x00000000f7900000, 0x0000000100000000)
  eden space 16896K, 0% used [0x00000000f5f80000,0x00000000f5f80000,0x00000000f7000000)
  from space 4096K, 23% used [0x00000000f7500000,0x00000000f75ec010,0x00000000f7900000)
  to   space 4608K, 0% used [0x00000000f7000000,0x00000000f7000000,0x00000000f7480000)
 ParOldGen       total 24576K, used 11367K [0x00000000e1e00000, 0x00000000e3600000, 0x00000000f5f80000)
  object space 24576K, 46% used [0x00000000e1e00000,0x00000000e2919f88,0x00000000e3600000)
 Metaspace       used 21730K, capacity 22854K, committed 23040K, reserved 1069056K
  class space    used 3043K, capacity 3275K, committed 3328K, reserved 1048576K
}

Deoptimization events (10 events):
Event: 51,231 Thread 0x00007fc8c025a800 Uncommon trap: reason=class_check action=maybe_recompile pc=0x00007fc8b13a6c8c method=java.io.FilterInputStream.read()I @ 4
Event: 51,231 Thread 0x00007fc8c025a800 Uncommon trap: reason=class_check action=maybe_recompile pc=0x00007fc8b13a6c8c method=java.io.FilterInputStream.read()I @ 4
Event: 52,290 Thread 0x00007fc8c0107800 Uncommon trap: reason=unstable_if action=reinterpret pc=0x00007fc8b14625f4 method=java.util.WeakHashMap.expungeStaleEntries()V @ 9
Event: 52,480 Thread 0x00007fc8c025a800 Uncommon trap: reason=range_check action=make_not_entrant pc=0x00007fc8b117da00 method=sun.reflect.generics.parser.SignatureParser.current()C @ 34
Event: 52,490 Thread 0x00007fc8c025a800 Uncommon trap: reason=class_check action=maybe_recompile pc=0x00007fc8b1372540 method=java.util.HashMap.putVal(ILjava/lang/Object;Ljava/lang/Object;ZZ)Ljava/lang/Object; @ 253
Event: 53,159 Thread 0x00007fc8c025a800 Uncommon trap: reason=unstable_if action=reinterpret pc=0x00007fc8b1462b40 method=java.lang.StrictMath.floorOrCeil(DDDD)D @ 38
Event: 53,602 Thread 0x00007fc8c025a800 Uncommon trap: reason=array_check action=maybe_recompile pc=0x00007fc8b1816894 method=com.sun.javafx.css.SimpleSelector.applies(Ljavafx/css/Styleable;[Ljava/util/Set;I)Z @ 37
Event: 53,602 Thread 0x00007fc8c025a800 Uncommon trap: reason=array_check action=maybe_recompile pc=0x00007fc8b1816894 method=com.sun.javafx.css.SimpleSelector.applies(Ljavafx/css/Styleable;[Ljava/util/Set;I)Z @ 37
Event: 53,603 Thread 0x00007fc8c025a800 Uncommon trap: reason=array_check action=maybe_recompile pc=0x00007fc8b1816894 method=com.sun.javafx.css.SimpleSelector.applies(Ljavafx/css/Styleable;[Ljava/util/Set;I)Z @ 37
Event: 53,603 Thread 0x00007fc8c025a800 Uncommon trap: reason=array_check action=maybe_recompile pc=0x00007fc8b1816894 method=com.sun.javafx.css.SimpleSelector.applies(Ljavafx/css/Styleable;[Ljava/util/Set;I)Z @ 37

Classes redefined (0 events):
No events

Internal exceptions (10 events):
Event: 8,571 Thread 0x00007fc8c000a800 Exception <a 'java/lang/NullPointerException'> (0x00000000f61cc7d8) thrown at [/HUDSON/workspace/8-2-build-linux-amd64/jdk8u171/10807/hotspot/src/share/vm/interpreter/linkResolver.cpp, line 1185]
Event: 18,685 Thread 0x00007fc8c025a800 Exception <a 'java/lang/NullPointerException'> (0x00000000f61a4930) thrown at [/HUDSON/workspace/8-2-build-linux-amd64/jdk8u171/10807/hotspot/src/share/vm/interpreter/linkResolver.cpp, line 1185]
Event: 18,685 Thread 0x00007fc8c025a800 Exception <a 'java/lang/NullPointerException'> (0x00000000f61a4930) thrown at [/HUDSON/workspace/8-2-build-linux-amd64/jdk8u171/10807/hotspot/src/share/vm/prims/jvm.cpp, line 1439]
Event: 20,650 Thread 0x00007fc8c025a800 Exception <a 'java/lang/ArrayIndexOutOfBoundsException'> (0x00000000f6632ed0) thrown at [/HUDSON/workspace/8-2-build-linux-amd64/jdk8u171/10807/hotspot/src/share/vm/runtime/sharedRuntime.cpp, line 605]
Event: 20,651 Thread 0x00007fc8c025a800 Exception <a 'java/lang/ArrayIndexOutOfBoundsException'> (0x00000000f6633bd0) thrown at [/HUDSON/workspace/8-2-build-linux-amd64/jdk8u171/10807/hotspot/src/share/vm/runtime/sharedRuntime.cpp, line 605]
Event: 20,652 Thread 0x00007fc8c025a800 Exception <a 'java/lang/ArrayIndexOutOfBoundsException'> (0x00000000f6634f78) thrown at [/HUDSON/workspace/8-2-build-linux-amd64/jdk8u171/10807/hotspot/src/share/vm/runtime/sharedRuntime.cpp, line 605]
Event: 45,718 Thread 0x00007fc8c025a800 Implicit null exception at 0x00007fc8b12d70f3 to 0x00007fc8b12d74e9
Event: 50,407 Thread 0x00007fc8c025a800 Implicit null exception at 0x00007fc8b1238d36 to 0x00007fc8b12390e1
Event: 52,480 Thread 0x00007fc8c025a800 Exception <a 'java/lang/ArrayIndexOutOfBoundsException': 79> (0x00000000f60ad558) thrown at [/HUDSON/workspace/8-2-build-linux-amd64/jdk8u171/10807/hotspot/src/share/vm/interpreter/interpreterRuntime.cpp, line 366]
Event: 52,481 Thread 0x00007fc8c025a800 Exception <a 'java/lang/ArrayIndexOutOfBoundsException': 52> (0x00000000f60ae740) thrown at [/HUDSON/workspace/8-2-build-linux-amd64/jdk8u171/10807/hotspot/src/share/vm/interpreter/interpreterRuntime.cpp, line 366]

Events (10 events):
Event: 54,401 loading class com/sun/prism/GraphicsResource
Event: 54,402 loading class com/sun/prism/GraphicsResource done
Event: 54,402 loading class com/sun/javafx/tk/quantum/ViewScene
Event: 54,402 loading class com/sun/javafx/tk/quantum/ViewScene done
Event: 54,492 loading class com/sun/javafx/tk/quantum/WindowStage
Event: 54,492 loading class com/sun/javafx/tk/quantum/WindowStage done
Event: 55,185 Thread 0x00007fc8c025a800 DEOPT PACKING pc=0x00007fc8b14f1014 sp=0x00007fc8754d07d0
Event: 55,185 Thread 0x00007fc8c025a800 DEOPT UNPACKING pc=0x00007fc8b10470c4 sp=0x00007fc8754d0558 mode 0
Event: 55,185 loading class com/sun/javafx/scene/KeyboardShortcutsHandler$1
Event: 55,185 loading class com/sun/javafx/scene/KeyboardShortcutsHandler$1 done


Dynamic libraries:
00400000-00401000 r-xp 00000000 08:02 15731430                           /home/blackran/jdk1.8.0_171/jre/bin/java
00600000-00601000 rw-p 00000000 08:02 15731430                           /home/blackran/jdk1.8.0_171/jre/bin/java
0060b000-0062c000 rw-p 00000000 00:00 0                                  [heap]
e1e00000-e3600000 rw-p 00000000 00:00 0 
e3600000-f5f80000 ---p 00000000 00:00 0 
f5f80000-f7900000 rw-p 00000000 00:00 0 
f7900000-100000000 ---p 00000000 00:00 0 
100000000-100360000 rw-p 00000000 00:00 0 
100360000-140000000 ---p 00000000 00:00 0 
7fc862f12000-7fc862fbe000 r--p 00000000 08:02 6554198                    /usr/share/fonts/truetype/dejavu/DejaVuSans-Bold.ttf
7fc862fbe000-7fc8631be000 rw-p 00000000 00:00 0 
7fc8631be000-7fc8661bf000 rw-p 00000000 00:00 0 
7fc8661bf000-7fc8661d5000 r-xp 00000000 08:02 15731294                   /home/blackran/jdk1.8.0_171/jre/lib/amd64/libnet.so
7fc8661d5000-7fc8663d5000 ---p 00016000 08:02 15731294                   /home/blackran/jdk1.8.0_171/jre/lib/amd64/libnet.so
7fc8663d5000-7fc8663d6000 rw-p 00016000 08:02 15731294                   /home/blackran/jdk1.8.0_171/jre/lib/amd64/libnet.so
7fc8663d6000-7fc8665d6000 rw-p 00000000 00:00 0 
7fc8665d6000-7fc8665d9000 ---p 00000000 00:00 0 
7fc8665d9000-7fc8666d7000 rw-p 00000000 00:00 0 
7fc8666d7000-7fc8666dc000 rw-s 00000000 00:18 1040                       /i915 (deleted)
7fc866715000-7fc866731000 r--p 00000000 08:02 6554279                    /usr/share/fonts/truetype/tlwg/Laksaman.ttf
7fc866731000-7fc866748000 r--p 00000000 08:02 6554323                    /usr/share/fonts/truetype/tlwg/Waree.ttf
7fc866748000-7fc86674c000 r--s 0009d000 08:02 15603409                   /home/blackran/jdk1.8.0_171/jre/lib/jsse.jar
7fc86674c000-7fc866750000 rw-s 103078000 00:06 345                       /dev/dri/card0
7fc866750000-7fc866754000 rw-s 100dcd000 00:06 345                       /dev/dri/card0
7fc866754000-7fc866758000 rw-s 1036c7000 00:06 345                       /dev/dri/card0
7fc866758000-7fc86675c000 rw-s 1040e2000 00:06 345                       /dev/dri/card0
7fc86675c000-7fc86695c000 rw-p 00000000 00:00 0 
7fc86695c000-7fc866961000 rw-s 00000000 00:18 1035                       /i915 (deleted)
7fc866961000-7fc866971000 rw-s 00000000 00:18 814                        /i915 (deleted)
7fc866971000-7fc866976000 rw-s 00000000 00:18 780                        /i915 (deleted)
7fc866976000-7fc86697c000 rw-s 1056f1000 00:06 345                       /dev/dri/card0
7fc86697c000-7fc866982000 rw-s 102c70000 00:06 345                       /dev/dri/card0
7fc866982000-7fc866986000 rw-s 00000000 00:18 1181                       /i915 (deleted)
7fc866986000-7fc86698b000 rw-s 00000000 00:18 740                        /i915 (deleted)
7fc86698c000-7fc866990000 rw-s 1041f8000 00:06 345                       /dev/dri/card0
7fc866990000-7fc866b10000 rw-s 1051aa000 00:06 345                       /dev/dri/card0
7fc866b10000-7fc866c90000 rw-s 1033df000 00:06 345                       /dev/dri/card0
7fc866c90000-7fc866cc8000 rw-s 103040000 00:06 345                       /dev/dri/card0
7fc866cc8000-7fc866ccb000 rw-s 103908000 00:06 345                       /dev/dri/card0
7fc866ccb000-7fc866ccc000 rw-s 104067000 00:06 345                       /dev/dri/card0
7fc866ccc000-7fc866cdc000 rw-s 00000000 00:18 941                        /i915 (deleted)
7fc866cdc000-7fc866ce0000 rw-s 00000000 00:18 1038                       /i915 (deleted)
7fc866ce0000-7fc866ce4000 rw-s 00000000 00:18 1034                       /i915 (deleted)
7fc866ce4000-7fc866ce8000 rw-s 00000000 00:18 650                        /i915 (deleted)
7fc866ce8000-7fc866cec000 rw-s 00000000 00:18 912                        /i915 (deleted)
7fc866cec000-7fc866cf8000 rw-s 00000000 00:18 913                        /i915 (deleted)
7fc866cf8000-7fc866ff8000 rw-s 105d7b000 00:06 345                       /dev/dri/card0
7fc866ff8000-7fc86700b000 r--s 00345000 08:02 15603391                   /home/blackran/jdk1.8.0_171/jre/lib/resources.jar
7fc86700b000-7fc8670c4000 r--p 00000000 08:02 6554199                    /usr/share/fonts/truetype/dejavu/DejaVuSans.ttf
7fc8670c4000-7fc8672c4000 rw-p 00000000 00:00 0 
7fc8672c4000-7fc8672c7000 ---p 00000000 00:00 0 
7fc8672c7000-7fc8673c5000 rw-p 00000000 00:00 0 
7fc8673c5000-7fc867422000 r--p 00000000 08:02 6554203                    /usr/share/fonts/truetype/dejavu/DejaVuSerif.ttf
7fc867422000-7fc867436000 r--p 00000000 08:02 15731096                   /home/blackran/jdk1.8.0_171/jre/lib/fonts/LucidaBrightItalic.ttf
7fc867436000-7fc8674e1000 r--p 00000000 08:02 15731112                   /home/blackran/jdk1.8.0_171/jre/lib/fonts/LucidaSansRegular.ttf
7fc8674e1000-7fc86751b000 r--p 00000000 08:02 15731074                   /home/blackran/jdk1.8.0_171/jre/lib/fonts/LucidaTypewriterBold.ttf
7fc86751b000-7fc867569000 r--p 00000000 08:02 15731097                   /home/blackran/jdk1.8.0_171/jre/lib/fonts/LucidaSansDemiBold.ttf
7fc867569000-7fc8675be000 r--p 00000000 08:02 15731081                   /home/blackran/jdk1.8.0_171/jre/lib/fonts/LucidaBrightRegular.ttf
7fc8675be000-7fc8675c2000 r-xp 00000000 08:02 15731080                   /home/blackran/jdk1.8.0_171/jre/lib/amd64/libjavafx_font_pango.so
7fc8675c2000-7fc8677c1000 ---p 00004000 08:02 15731080                   /home/blackran/jdk1.8.0_171/jre/lib/amd64/libjavafx_font_pango.so
7fc8677c1000-7fc8677c2000 rw-p 00003000 08:02 15731080                   /home/blackran/jdk1.8.0_171/jre/lib/amd64/libjavafx_font_pango.so
7fc8677c2000-7fc8677f8000 r-xp 00000000 08:02 15731173                   /home/blackran/jdk1.8.0_171/jre/lib/amd64/libjavafx_iio.so
7fc8677f8000-7fc8679f7000 ---p 00036000 08:02 15731173                   /home/blackran/jdk1.8.0_171/jre/lib/amd64/libjavafx_iio.so
7fc8679f7000-7fc8679f8000 rw-p 00035000 08:02 15731173                   /home/blackran/jdk1.8.0_171/jre/lib/amd64/libjavafx_iio.so
7fc8679f8000-7fc8679fd000 r-xp 00000000 08:02 15731063                   /home/blackran/jdk1.8.0_171/jre/lib/amd64/libjavafx_font_freetype.so
7fc8679fd000-7fc867bfc000 ---p 00005000 08:02 15731063                   /home/blackran/jdk1.8.0_171/jre/lib/amd64/libjavafx_font_freetype.so
7fc867bfc000-7fc867bfd000 rw-p 00004000 08:02 15731063                   /home/blackran/jdk1.8.0_171/jre/lib/amd64/libjavafx_font_freetype.so
7fc867bfd000-7fc867dfd000 rw-p 00000000 00:00 0 
7fc867dfd000-7fc867e00000 r-xp 00000000 08:02 15731161                   /home/blackran/jdk1.8.0_171/jre/lib/amd64/libjavafx_font.so
7fc867e00000-7fc867fff000 ---p 00003000 08:02 15731161                   /home/blackran/jdk1.8.0_171/jre/lib/amd64/libjavafx_font.so
7fc867fff000-7fc868000000 rw-p 00002000 08:02 15731161                   /home/blackran/jdk1.8.0_171/jre/lib/amd64/libjavafx_font.so
7fc868000000-7fc868021000 rw-p 00000000 00:00 0 
7fc868021000-7fc86c000000 ---p 00000000 00:00 0 
7fc86c000000-7fc86c72a000 rw-p 00000000 00:00 0 
7fc86c72a000-7fc870000000 ---p 00000000 00:00 0 
7fc870000000-7fc870021000 rw-p 00000000 00:00 0 
7fc870021000-7fc874000000 ---p 00000000 00:00 0 
7fc874000000-7fc874001000 rw-s 102863000 00:06 345                       /dev/dri/card0
7fc874001000-7fc874002000 rw-s 100ddc000 00:06 345                       /dev/dri/card0
7fc874002000-7fc874007000 rw-s 00000000 00:18 1017                       /i915 (deleted)
7fc874007000-7fc87401a000 r--p 00000000 08:02 15731064                   /home/blackran/jdk1.8.0_171/jre/lib/fonts/LucidaBrightDemiItalic.ttf
7fc87401a000-7fc87402d000 r--p 00000000 08:02 15731075                   /home/blackran/jdk1.8.0_171/jre/lib/fonts/LucidaBrightDemiBold.ttf
7fc87402d000-7fc874069000 r--p 00000000 08:02 15731060                   /home/blackran/jdk1.8.0_171/jre/lib/fonts/LucidaTypewriterRegular.ttf
7fc874069000-7fc87406e000 r--s 00084000 08:02 15603412                   /home/blackran/jdk1.8.0_171/jre/lib/jfr.jar
7fc87406e000-7fc874079000 r--s 00000000 08:02 13762653                   /var/cache/fontconfig/945677eb7aeaf62f1d50efc3fb3ec7d8-le64.cache-6
7fc874079000-7fc87407f000 r--s 00000000 08:02 13762635                   /var/cache/fontconfig/2cd17615ca594fa2959ae173292e504c-le64.cache-6
7fc87407f000-7fc874080000 r--s 00000000 08:02 13762632                   /var/cache/fontconfig/0d8c3b2ac0904cb8a57a757ad11a4a08-le64.cache-6
7fc874080000-7fc874095000 r--s 00000000 08:02 13762629                   /var/cache/fontconfig/04aabc0a78ac019cf9454389977116d2-le64.cache-6
7fc874095000-7fc874096000 r--s 00000000 08:02 13762634                   /var/cache/fontconfig/1ac9eb803944fde146138c791f5cc56a-le64.cache-6
7fc874096000-7fc87409a000 r--s 00000000 08:02 13762639                   /var/cache/fontconfig/385c0604a188198f04d133e54aba7fe7-le64.cache-6
7fc87409a000-7fc87409b000 r--s 00000000 08:02 13762666                   /var/cache/fontconfig/dc05db6664285cc2f12bf69c139ae4c3-le64.cache-6
7fc87409b000-7fc87409e000 r--s 00000000 08:02 13762649                   /var/cache/fontconfig/767a8244fc0220cfb567a839d0392e0b-le64.cache-6
7fc87409e000-7fc8740a5000 r--s 00000000 08:02 13762636                   /var/cache/fontconfig/3047814df9a2f067bd2d96a2b9c36e5a-le64.cache-6
7fc8740a5000-7fc8740ab000 r--s 00000000 08:02 13762657                   /var/cache/fontconfig/b47c4e1ecd0709278f4910c18777a504-le64.cache-6
7fc8740ab000-7fc8740be000 r--s 00000000 08:02 13762663                   /var/cache/fontconfig/d52a8644073d54c13679302ca1180695-le64.cache-6
7fc8740be000-7fc8740d0000 r--s 00000000 08:02 13762655                   /var/cache/fontconfig/9b89f8e3dae116d678bbf48e5f21f69b-le64.cache-6
7fc8740d0000-7fc8742d0000 rw-p 00000000 00:00 0 
7fc8742d0000-7fc8742d3000 ---p 00000000 00:00 0 
7fc8742d3000-7fc8743d1000 rw-p 00000000 00:00 0 
7fc8743d1000-7fc8743d2000 ---p 00000000 00:00 0 
7fc8743d2000-7fc874bd2000 rw-p 00000000 00:00 0 
7fc874bd2000-7fc874bd3000 ---p 00000000 00:00 0 
7fc874bd3000-7fc8753d3000 rw-p 00000000 00:00 0 
7fc8753d3000-7fc8753d6000 ---p 00000000 00:00 0 
7fc8753d6000-7fc8754d4000 rw-p 00000000 00:00 0 
7fc8754d4000-7fc8754d5000 ---p 00000000 00:00 0 
7fc8754d5000-7fc875cd5000 rw-p 00000000 00:00 0 
7fc875cd5000-7fc875ce0000 r-xp 00000000 08:02 5767355                    /usr/lib/x86_64-linux-gnu/gio/modules/libdconfsettings.so
7fc875ce0000-7fc875ee0000 ---p 0000b000 08:02 5767355                    /usr/lib/x86_64-linux-gnu/gio/modules/libdconfsettings.so
7fc875ee0000-7fc875ee1000 r--p 0000b000 08:02 5767355                    /usr/lib/x86_64-linux-gnu/gio/modules/libdconfsettings.so
7fc875ee1000-7fc875ee2000 rw-p 0000c000 08:02 5767355                    /usr/lib/x86_64-linux-gnu/gio/modules/libdconfsettings.so
7fc875ee2000-7fc875ee9000 r-xp 00000000 08:02 5382790                    /usr/lib/x86_64-linux-gnu/libogg.so.0.8.2
7fc875ee9000-7fc8760e9000 ---p 00007000 08:02 5382790                    /usr/lib/x86_64-linux-gnu/libogg.so.0.8.2
7fc8760e9000-7fc8760ea000 r--p 00007000 08:02 5382790                    /usr/lib/x86_64-linux-gnu/libogg.so.0.8.2
7fc8760ea000-7fc8760eb000 rw-p 00008000 08:02 5382790                    /usr/lib/x86_64-linux-gnu/libogg.so.0.8.2
7fc8760eb000-7fc876115000 r-xp 00000000 08:02 5383154                    /usr/lib/x86_64-linux-gnu/libvorbis.so.0.4.8
7fc876115000-7fc876314000 ---p 0002a000 08:02 5383154                    /usr/lib/x86_64-linux-gnu/libvorbis.so.0.4.8
7fc876314000-7fc876315000 r--p 00029000 08:02 5383154                    /usr/lib/x86_64-linux-gnu/libvorbis.so.0.4.8
7fc876315000-7fc876316000 rw-p 0002a000 08:02 5383154                    /usr/lib/x86_64-linux-gnu/libvorbis.so.0.4.8
7fc876316000-7fc87631f000 r-xp 00000000 08:02 5382651                    /usr/lib/x86_64-linux-gnu/libltdl.so.7.3.1
7fc87631f000-7fc87651e000 ---p 00009000 08:02 5382651                    /usr/lib/x86_64-linux-gnu/libltdl.so.7.3.1
7fc87651e000-7fc87651f000 r--p 00008000 08:02 5382651                    /usr/lib/x86_64-linux-gnu/libltdl.so.7.3.1
7fc87651f000-7fc876520000 rw-p 00009000 08:02 5382651                    /usr/lib/x86_64-linux-gnu/libltdl.so.7.3.1
7fc876520000-7fc876534000 r-xp 00000000 08:02 5383043                    /usr/lib/x86_64-linux-gnu/libtdb.so.1.3.8
7fc876534000-7fc876733000 ---p 00014000 08:02 5383043                    /usr/lib/x86_64-linux-gnu/libtdb.so.1.3.8
7fc876733000-7fc876734000 r--p 00013000 08:02 5383043                    /usr/lib/x86_64-linux-gnu/libtdb.so.1.3.8
7fc876734000-7fc876735000 rw-p 00014000 08:02 5383043                    /usr/lib/x86_64-linux-gnu/libtdb.so.1.3.8
7fc876735000-7fc87673c000 r-xp 00000000 08:02 5383158                    /usr/lib/x86_64-linux-gnu/libvorbisfile.so.3.3.7
7fc87673c000-7fc87693c000 ---p 00007000 08:02 5383158                    /usr/lib/x86_64-linux-gnu/libvorbisfile.so.3.3.7
7fc87693c000-7fc87693d000 r--p 00007000 08:02 5383158                    /usr/lib/x86_64-linux-gnu/libvorbisfile.so.3.3.7
7fc87693d000-7fc87693e000 rw-p 00008000 08:02 5383158                    /usr/lib/x86_64-linux-gnu/libvorbisfile.so.3.3.7
7fc87693e000-7fc87694e000 r-xp 00000000 08:02 5382032                    /usr/lib/x86_64-linux-gnu/libcanberra.so.0.2.5
7fc87694e000-7fc876b4d000 ---p 00010000 08:02 5382032                    /usr/lib/x86_64-linux-gnu/libcanberra.so.0.2.5
7fc876b4d000-7fc876b4e000 r--p 0000f000 08:02 5382032                    /usr/lib/x86_64-linux-gnu/libcanberra.so.0.2.5
7fc876b4e000-7fc876b4f000 rw-p 00010000 08:02 5382032                    /usr/lib/x86_64-linux-gnu/libcanberra.so.0.2.5
7fc876b4f000-7fc876b53000 r-xp 00000000 08:02 5382028                    /usr/lib/x86_64-linux-gnu/libcanberra-gtk.so.0.1.9
7fc876b53000-7fc876d52000 ---p 00004000 08:02 5382028                    /usr/lib/x86_64-linux-gnu/libcanberra-gtk.so.0.1.9
7fc876d52000-7fc876d53000 r--p 00003000 08:02 5382028                    /usr/lib/x86_64-linux-gnu/libcanberra-gtk.so.0.1.9
7fc876d53000-7fc876d54000 rw-p 00004000 08:02 5382028                    /usr/lib/x86_64-linux-gnu/libcanberra-gtk.so.0.1.9
7fc876d54000-7fc876d59000 r-xp 00000000 08:02 5767388                    /usr/lib/x86_64-linux-gnu/gtk-2.0/modules/libcanberra-gtk-module.so
7fc876d59000-7fc876f58000 ---p 00005000 08:02 5767388                    /usr/lib/x86_64-linux-gnu/gtk-2.0/modules/libcanberra-gtk-module.so
7fc876f58000-7fc876f59000 r--p 00004000 08:02 5767388                    /usr/lib/x86_64-linux-gnu/gtk-2.0/modules/libcanberra-gtk-module.so
7fc876f59000-7fc876f5a000 rw-p 00005000 08:02 5767388                    /usr/lib/x86_64-linux-gnu/gtk-2.0/modules/libcanberra-gtk-module.so
7fc876f5a000-7fc876f8a000 r-xp 00000000 08:02 5767370                    /usr/lib/x86_64-linux-gnu/gtk-2.0/2.10.0/engines/libmurrine.so
7fc876f8a000-7fc87718a000 ---p 00030000 08:02 5767370                    /usr/lib/x86_64-linux-gnu/gtk-2.0/2.10.0/engines/libmurrine.so
7fc87718a000-7fc87718b000 r--p 00030000 08:02 5767370                    /usr/lib/x86_64-linux-gnu/gtk-2.0/2.10.0/engines/libmurrine.so
7fc87718b000-7fc87718c000 rw-p 00031000 08:02 5767370                    /usr/lib/x86_64-linux-gnu/gtk-2.0/2.10.0/engines/libmurrine.so
7fc87718c000-7fc87719c000 r-xp 00000000 08:02 5383101                    /usr/lib/x86_64-linux-gnu/libunity-gtk2-parser.so.0.0.0
7fc87719c000-7fc87739c000 ---p 00010000 08:02 5383101                    /usr/lib/x86_64-linux-gnu/libunity-gtk2-parser.so.0.0.0
7fc87739c000-7fc87739d000 r--p 00010000 08:02 5383101                    /usr/lib/x86_64-linux-gnu/libunity-gtk2-parser.so.0.0.0
7fc87739d000-7fc87739e000 rw-p 00011000 08:02 5383101                    /usr/lib/x86_64-linux-gnu/libunity-gtk2-parser.so.0.0.0
7fc87739e000-7fc8773a3000 r-xp 00000000 08:02 5767392                    /usr/lib/x86_64-linux-gnu/gtk-2.0/modules/libunity-gtk-module.so
7fc8773a3000-7fc8775a2000 ---p 00005000 08:02 5767392                    /usr/lib/x86_64-linux-gnu/gtk-2.0/modules/libunity-gtk-module.so
7fc8775a2000-7fc8775a3000 r--p 00004000 08:02 5767392                    /usr/lib/x86_64-linux-gnu/gtk-2.0/modules/libunity-gtk-module.so
7fc8775a3000-7fc8775a4000 rw-p 00005000 08:02 5767392                    /usr/lib/x86_64-linux-gnu/gtk-2.0/modules/libunity-gtk-module.so
7fc8775a4000-7fc8775b5000 r-xp 00000000 08:02 5767391                    /usr/lib/x86_64-linux-gnu/gtk-2.0/modules/liboverlay-scrollbar.so
7fc8775b5000-7fc8777b5000 ---p 00011000 08:02 5767391                    /usr/lib/x86_64-linux-gnu/gtk-2.0/modules/liboverlay-scrollbar.so
7fc8777b5000-7fc8777b6000 r--p 00011000 08:02 5767391                    /usr/lib/x86_64-linux-gnu/gtk-2.0/modules/liboverlay-scrollbar.so
7fc8777b6000-7fc8777b7000 rw-p 00012000 08:02 5767391                    /usr/lib/x86_64-linux-gnu/gtk-2.0/modules/liboverlay-scrollbar.so
7fc8777b7000-7fc8777e0000 r-xp 00000000 08:02 15731254                   /home/blackran/jdk1.8.0_171/jre/lib/amd64/libglass.so
7fc8777e0000-7fc8779df000 ---p 00029000 08:02 15731254                   /home/blackran/jdk1.8.0_171/jre/lib/amd64/libglass.so
7fc8779df000-7fc8779e2000 rw-p 00028000 08:02 15731254                   /home/blackran/jdk1.8.0_171/jre/lib/amd64/libglass.so
7fc8779e2000-7fc8779ea000 r-xp 00000000 08:02 5382832                    /usr/lib/x86_64-linux-gnu/libpciaccess.so.0.11.1
7fc8779ea000-7fc877bea000 ---p 00008000 08:02 5382832                    /usr/lib/x86_64-linux-gnu/libpciaccess.so.0.11.1
7fc877bea000-7fc877beb000 r--p 00008000 08:02 5382832                    /usr/lib/x86_64-linux-gnu/libpciaccess.so.0.11.1
7fc877beb000-7fc877bec000 rw-p 00009000 08:02 5382832                    /usr/lib/x86_64-linux-gnu/libpciaccess.so.0.11.1
7fc877bec000-7fc877bf7000 r-xp 00000000 08:02 5382177                    /usr/lib/x86_64-linux-gnu/libdrm_radeon.so.1.0.1
7fc877bf7000-7fc877df6000 ---p 0000b000 08:02 5382177                    /usr/lib/x86_64-linux-gnu/libdrm_radeon.so.1.0.1
7fc877df6000-7fc877df7000 r--p 0000a000 08:02 5382177                    /usr/lib/x86_64-linux-gnu/libdrm_radeon.so.1.0.1
7fc877df7000-7fc877df8000 rw-p 0000b000 08:02 5382177                    /usr/lib/x86_64-linux-gnu/libdrm_radeon.so.1.0.1
7fc877df8000-7fc877dff000 r-xp 00000000 08:02 5382175                    /usr/lib/x86_64-linux-gnu/libdrm_nouveau.so.2.0.0
7fc877dff000-7fc877ffe000 ---p 00007000 08:02 5382175                    /usr/lib/x86_64-linux-gnu/libdrm_nouveau.so.2.0.0
7fc877ffe000-7fc877fff000 r--p 00006000 08:02 5382175                    /usr/lib/x86_64-linux-gnu/libdrm_nouveau.so.2.0.0
7fc877fff000-7fc878000000 rw-p 00007000 08:02 5382175                    /usr/lib/x86_64-linux-gnu/libdrm_nouveau.so.2.0.0
7fc878000000-7fc879f7e000 rw-p 00000000 00:00 0 
7fc879f7e000-7fc87c000000 ---p 00000000 00:00 0 
7fc87c000000-7fc87c005000 r--s 00000000 08:02 13762652                   /var/cache/fontconfig/8801497958630a81b71ace7c5f9b32a8-le64.cache-6
7fc87c005000-7fc87c008000 ---p 00000000 00:00 0 
7fc87c008000-7fc87c106000 rw-p 00000000 00:00 0 
7fc87c106000-7fc87c14c000 r--p 00000000 08:02 6567368                    /usr/share/glib-2.0/schemas/gschemas.compiled
7fc87c14c000-7fc87c16e000 r-xp 00000000 08:02 5382173                    /usr/lib/x86_64-linux-gnu/libdrm_intel.so.1.0.0
7fc87c16e000-7fc87c36e000 ---p 00022000 08:02 5382173                    /usr/lib/x86_64-linux-gnu/libdrm_intel.so.1.0.0
7fc87c36e000-7fc87c36f000 r--p 00022000 08:02 5382173                    /usr/lib/x86_64-linux-gnu/libdrm_intel.so.1.0.0
7fc87c36f000-7fc87c370000 rw-p 00023000 08:02 5382173                    /usr/lib/x86_64-linux-gnu/libdrm_intel.so.1.0.0
7fc87c370000-7fc87cc50000 r-xp 00000000 08:02 5638786                    /usr/lib/x86_64-linux-gnu/dri/i965_dri.so
7fc87cc50000-7fc87ce50000 ---p 008e0000 08:02 5638786                    /usr/lib/x86_64-linux-gnu/dri/i965_dri.so
7fc87ce50000-7fc87cea0000 r--p 008e0000 08:02 5638786                    /usr/lib/x86_64-linux-gnu/dri/i965_dri.so
7fc87cea0000-7fc87ceab000 rw-p 00930000 08:02 5638786                    /usr/lib/x86_64-linux-gnu/dri/i965_dri.so
7fc87ceab000-7fc87cf50000 rw-p 00000000 00:00 0 
7fc87cf50000-7fc87cf56000 r-xp 00000000 08:02 5382118                    /usr/lib/x86_64-linux-gnu/libdatrie.so.1.3.3
7fc87cf56000-7fc87d156000 ---p 00006000 08:02 5382118                    /usr/lib/x86_64-linux-gnu/libdatrie.so.1.3.3
7fc87d156000-7fc87d157000 r--p 00006000 08:02 5382118                    /usr/lib/x86_64-linux-gnu/libdatrie.so.1.3.3
7fc87d157000-7fc87d158000 rw-p 00007000 08:02 5382118                    /usr/lib/x86_64-linux-gnu/libdatrie.so.1.3.3
7fc87d158000-7fc87d15d000 r-xp 00000000 08:02 5381868                    /usr/lib/x86_64-linux-gnu/libXdmcp.so.6.0.0
7fc87d15d000-7fc87d35c000 ---p 00005000 08:02 5381868                    /usr/lib/x86_64-linux-gnu/libXdmcp.so.6.0.0
7fc87d35c000-7fc87d35d000 r--p 00004000 08:02 5381868                    /usr/lib/x86_64-linux-gnu/libXdmcp.so.6.0.0
7fc87d35d000-7fc87d35e000 rw-p 00005000 08:02 5381868                    /usr/lib/x86_64-linux-gnu/libXdmcp.so.6.0.0
7fc87d35e000-7fc87d360000 r-xp 00000000 08:02 5381857                    /usr/lib/x86_64-linux-gnu/libXau.so.6.0.0
7fc87d360000-7fc87d560000 ---p 00002000 08:02 5381857                    /usr/lib/x86_64-linux-gnu/libXau.so.6.0.0
7fc87d560000-7fc87d561000 r--p 00002000 08:02 5381857                    /usr/lib/x86_64-linux-gnu/libXau.so.6.0.0
7fc87d561000-7fc87d562000 rw-p 00003000 08:02 5381857                    /usr/lib/x86_64-linux-gnu/libXau.so.6.0.0
7fc87d562000-7fc87d586000 r-xp 00000000 08:02 5382422                    /usr/lib/x86_64-linux-gnu/libgraphite2.so.3.0.1
7fc87d586000-7fc87d785000 ---p 00024000 08:02 5382422                    /usr/lib/x86_64-linux-gnu/libgraphite2.so.3.0.1
7fc87d785000-7fc87d787000 r--p 00023000 08:02 5382422                    /usr/lib/x86_64-linux-gnu/libgraphite2.so.3.0.1
7fc87d787000-7fc87d788000 rw-p 00025000 08:02 5382422                    /usr/lib/x86_64-linux-gnu/libgraphite2.so.3.0.1
7fc87d788000-7fc87d798000 r-xp 00000000 08:02 5382169                    /usr/lib/x86_64-linux-gnu/libdrm.so.2.4.0
7fc87d798000-7fc87d998000 ---p 00010000 08:02 5382169                    /usr/lib/x86_64-linux-gnu/libdrm.so.2.4.0
7fc87d998000-7fc87d999000 r--p 00010000 08:02 5382169                    /usr/lib/x86_64-linux-gnu/libdrm.so.2.4.0
7fc87d999000-7fc87d99a000 rw-p 00011000 08:02 5382169                    /usr/lib/x86_64-linux-gnu/libdrm.so.2.4.0
7fc87d99a000-7fc87d99e000 r-xp 00000000 08:02 5383249                    /usr/lib/x86_64-linux-gnu/libxcb-dri2.so.0.0.0
7fc87d99e000-7fc87db9d000 ---p 00004000 08:02 5383249                    /usr/lib/x86_64-linux-gnu/libxcb-dri2.so.0.0.0
7fc87db9d000-7fc87db9e000 r--p 00003000 08:02 5383249                    /usr/lib/x86_64-linux-gnu/libxcb-dri2.so.0.0.0
7fc87db9e000-7fc87db9f000 rw-p 00004000 08:02 5383249                    /usr/lib/x86_64-linux-gnu/libxcb-dri2.so.0.0.0
7fc87db9f000-7fc87dbb6000 r-xp 00000000 08:02 5383253                    /usr/lib/x86_64-linux-gnu/libxcb-glx.so.0.0.0
7fc87dbb6000-7fc87ddb5000 ---p 00017000 08:02 5383253                    /usr/lib/x86_64-linux-gnu/libxcb-glx.so.0.0.0
7fc87ddb5000-7fc87ddb7000 r--p 00016000 08:02 5383253                    /usr/lib/x86_64-linux-gnu/libxcb-glx.so.0.0.0
7fc87ddb7000-7fc87ddb8000 rw-p 00018000 08:02 5383253                    /usr/lib/x86_64-linux-gnu/libxcb-glx.so.0.0.0
7fc87ddb8000-7fc87ddb9000 r-xp 00000000 08:02 5374202                    /usr/lib/x86_64-linux-gnu/libX11-xcb.so.1.0.0
7fc87ddb9000-7fc87dfb8000 ---p 00001000 08:02 5374202                    /usr/lib/x86_64-linux-gnu/libX11-xcb.so.1.0.0
7fc87dfb8000-7fc87dfb9000 r--p 00000000 08:02 5374202                    /usr/lib/x86_64-linux-gnu/libX11-xcb.so.1.0.0
7fc87dfb9000-7fc87dfba000 rw-p 00001000 08:02 5374202                    /usr/lib/x86_64-linux-gnu/libX11-xcb.so.1.0.0
7fc87dfba000-7fc87dfe6000 r-xp 00000000 08:02 5382370                    /usr/lib/x86_64-linux-gnu/libglapi.so.0.0.0
7fc87dfe6000-7fc87e1e5000 ---p 0002c000 08:02 5382370                    /usr/lib/x86_64-linux-gnu/libglapi.so.0.0.0
7fc87e1e5000-7fc87e1e9000 r--p 0002b000 08:02 5382370                    /usr/lib/x86_64-linux-gnu/libglapi.so.0.0.0
7fc87e1e9000-7fc87e1ea000 rw-p 0002f000 08:02 5382370                    /usr/lib/x86_64-linux-gnu/libglapi.so.0.0.0
7fc87e1ea000-7fc87e1eb000 rw-p 00000000 00:00 0 
7fc87e1eb000-7fc87e1ec000 r-xp 00000000 08:02 5383293                    /usr/lib/x86_64-linux-gnu/libxshmfence.so.1.0.0
7fc87e1ec000-7fc87e3ec000 ---p 00001000 08:02 5383293                    /usr/lib/x86_64-linux-gnu/libxshmfence.so.1.0.0
7fc87e3ec000-7fc87e3ed000 r--p 00001000 08:02 5383293                    /usr/lib/x86_64-linux-gnu/libxshmfence.so.1.0.0
7fc87e3ed000-7fc87e3ee000 rw-p 00002000 08:02 5383293                    /usr/lib/x86_64-linux-gnu/libxshmfence.so.1.0.0
7fc87e3ee000-7fc87e3f3000 r-xp 00000000 08:02 5383273                    /usr/lib/x86_64-linux-gnu/libxcb-sync.so.1.0.0
7fc87e3f3000-7fc87e5f3000 ---p 00005000 08:02 5383273                    /usr/lib/x86_64-linux-gnu/libxcb-sync.so.1.0.0
7fc87e5f3000-7fc87e5f4000 r--p 00005000 08:02 5383273                    /usr/lib/x86_64-linux-gnu/libxcb-sync.so.1.0.0
7fc87e5f4000-7fc87e5f5000 rw-p 00006000 08:02 5383273                    /usr/lib/x86_64-linux-gnu/libxcb-sync.so.1.0.0
7fc87e5f5000-7fc87e5f7000 r-xp 00000000 08:02 5383261                    /usr/lib/x86_64-linux-gnu/libxcb-present.so.0.0.0
7fc87e5f7000-7fc87e7f6000 ---p 00002000 08:02 5383261                    /usr/lib/x86_64-linux-gnu/libxcb-present.so.0.0.0
7fc87e7f6000-7fc87e7f7000 r--p 00001000 08:02 5383261                    /usr/lib/x86_64-linux-gnu/libxcb-present.so.0.0.0
7fc87e7f7000-7fc87e7f8000 rw-p 00002000 08:02 5383261                    /usr/lib/x86_64-linux-gnu/libxcb-present.so.0.0.0
7fc87e7f8000-7fc87e7fa000 r-xp 00000000 08:02 5383251                    /usr/lib/x86_64-linux-gnu/libxcb-dri3.so.0.0.0
7fc87e7fa000-7fc87e9f9000 ---p 00002000 08:02 5383251                    /usr/lib/x86_64-linux-gnu/libxcb-dri3.so.0.0.0
7fc87e9f9000-7fc87e9fa000 r--p 00001000 08:02 5383251                    /usr/lib/x86_64-linux-gnu/libxcb-dri3.so.0.0.0
7fc87e9fa000-7fc87e9fb000 rw-p 00002000 08:02 5383251                    /usr/lib/x86_64-linux-gnu/libxcb-dri3.so.0.0.0
7fc87e9fb000-7fc87ea69000 r-xp 00000000 08:02 14029530                   /lib/x86_64-linux-gnu/libpcre.so.3.13.2
7fc87ea69000-7fc87ec69000 ---p 0006e000 08:02 14029530                   /lib/x86_64-linux-gnu/libpcre.so.3.13.2
7fc87ec69000-7fc87ec6a000 r--p 0006e000 08:02 14029530                   /lib/x86_64-linux-gnu/libpcre.so.3.13.2
7fc87ec6a000-7fc87ec6b000 rw-p 0006f000 08:02 14029530                   /lib/x86_64-linux-gnu/libpcre.so.3.13.2
7fc87ec6b000-7fc87ec72000 r-xp 00000000 08:02 5382247                    /usr/lib/x86_64-linux-gnu/libffi.so.6.0.4
7fc87ec72000-7fc87ee71000 ---p 00007000 08:02 5382247                    /usr/lib/x86_64-linux-gnu/libffi.so.6.0.4
7fc87ee71000-7fc87ee72000 r--p 00006000 08:02 5382247                    /usr/lib/x86_64-linux-gnu/libffi.so.6.0.4
7fc87ee72000-7fc87ee73000 rw-p 00007000 08:02 5382247                    /usr/lib/x86_64-linux-gnu/libffi.so.6.0.4
7fc87ee73000-7fc87ee99000 r-xp 00000000 08:02 14029432                   /lib/x86_64-linux-gnu/libexpat.so.1.6.0
7fc87ee99000-7fc87f099000 ---p 00026000 08:02 14029432                   /lib/x86_64-linux-gnu/libexpat.so.1.6.0
7fc87f099000-7fc87f09b000 r--p 00026000 08:02 14029432                   /lib/x86_64-linux-gnu/libexpat.so.1.6.0
7fc87f09b000-7fc87f09c000 rw-p 00028000 08:02 14029432                   /lib/x86_64-linux-gnu/libexpat.so.1.6.0
7fc87f09c000-7fc87f0a4000 r-xp 00000000 08:02 5383051                    /usr/lib/x86_64-linux-gnu/libthai.so.0.2.4
7fc87f0a4000-7fc87f2a3000 ---p 00008000 08:02 5383051                    /usr/lib/x86_64-linux-gnu/libthai.so.0.2.4
7fc87f2a3000-7fc87f2a4000 r--p 00007000 08:02 5383051                    /usr/lib/x86_64-linux-gnu/libthai.so.0.2.4
7fc87f2a4000-7fc87f2a5000 rw-p 00008000 08:02 5383051                    /usr/lib/x86_64-linux-gnu/libthai.so.0.2.4
7fc87f2a5000-7fc87f2c6000 r-xp 00000000 08:02 5383281                    /usr/lib/x86_64-linux-gnu/libxcb.so.1.1.0
7fc87f2c6000-7fc87f4c5000 ---p 00021000 08:02 5383281                    /usr/lib/x86_64-linux-gnu/libxcb.so.1.1.0
7fc87f4c5000-7fc87f4c6000 r--p 00020000 08:02 5383281                    /usr/lib/x86_64-linux-gnu/libxcb.so.1.1.0
7fc87f4c6000-7fc87f4c7000 rw-p 00021000 08:02 5383281                    /usr/lib/x86_64-linux-gnu/libxcb.so.1.1.0
7fc87f4c7000-7fc87f4cf000 r-xp 00000000 08:02 5383267                    /usr/lib/x86_64-linux-gnu/libxcb-render.so.0.0.0
7fc87f4cf000-7fc87f6cf000 ---p 00008000 08:02 5383267                    /usr/lib/x86_64-linux-gnu/libxcb-render.so.0.0.0
7fc87f6cf000-7fc87f6d0000 r--p 00008000 08:02 5383267                    /usr/lib/x86_64-linux-gnu/libxcb-render.so.0.0.0
7fc87f6d0000-7fc87f6d1000 rw-p 00009000 08:02 5383267                    /usr/lib/x86_64-linux-gnu/libxcb-render.so.0.0.0
7fc87f6d1000-7fc87f6d3000 r-xp 00000000 08:02 5383271                    /usr/lib/x86_64-linux-gnu/libxcb-shm.so.0.0.0
7fc87f6d3000-7fc87f8d3000 ---p 00002000 08:02 5383271                    /usr/lib/x86_64-linux-gnu/libxcb-shm.so.0.0.0
7fc87f8d3000-7fc87f8d4000 r--p 00002000 08:02 5383271                    /usr/lib/x86_64-linux-gnu/libxcb-shm.so.0.0.0
7fc87f8d4000-7fc87f8d5000 rw-p 00003000 08:02 5383271                    /usr/lib/x86_64-linux-gnu/libxcb-shm.so.0.0.0
7fc87f8d5000-7fc87f8f9000 r-xp 00000000 08:02 14029542                   /lib/x86_64-linux-gnu/libpng12.so.0.54.0
7fc87f8f9000-7fc87faf8000 ---p 00024000 08:02 14029542                   /lib/x86_64-linux-gnu/libpng12.so.0.54.0
7fc87faf8000-7fc87faf9000 r--p 00023000 08:02 14029542                   /lib/x86_64-linux-gnu/libpng12.so.0.54.0
7fc87faf9000-7fc87fafa000 rw-p 00024000 08:02 14029542                   /lib/x86_64-linux-gnu/libpng12.so.0.54.0
7fc87fafa000-7fc87fb99000 r-xp 00000000 08:02 5382846                    /usr/lib/x86_64-linux-gnu/libpixman-1.so.0.33.6
7fc87fb99000-7fc87fd99000 ---p 0009f000 08:02 5382846                    /usr/lib/x86_64-linux-gnu/libpixman-1.so.0.33.6
7fc87fd99000-7fc87fda1000 r--p 0009f000 08:02 5382846                    /usr/lib/x86_64-linux-gnu/libpixman-1.so.0.33.6
7fc87fda1000-7fc87fda2000 rw-p 000a7000 08:02 5382846                    /usr/lib/x86_64-linux-gnu/libpixman-1.so.0.33.6
7fc87fda2000-7fc87fdfe000 r-xp 00000000 08:02 5382510                    /usr/lib/x86_64-linux-gnu/libharfbuzz.so.0.10000.1
7fc87fdfe000-7fc87fffe000 ---p 0005c000 08:02 5382510                    /usr/lib/x86_64-linux-gnu/libharfbuzz.so.0.10000.1
7fc87fffe000-7fc87ffff000 r--p 0005c000 08:02 5382510                    /usr/lib/x86_64-linux-gnu/libharfbuzz.so.0.10000.1
7fc87ffff000-7fc880000000 rw-p 0005d000 08:02 5382510                    /usr/lib/x86_64-linux-gnu/libharfbuzz.so.0.10000.1
7fc880000000-7fc880021000 rw-p 00000000 00:00 0 
7fc880021000-7fc884000000 ---p 00000000 00:00 0 
7fc884000000-7fc884021000 rw-p 00000000 00:00 0 
7fc884021000-7fc888000000 ---p 00000000 00:00 0 
7fc888000000-7fc88871f000 rw-p 00000000 00:00 0 
7fc88871f000-7fc88c000000 ---p 00000000 00:00 0 
7fc88c000000-7fc88c001000 r--s 00000000 08:02 13773164                   /var/cache/fontconfig/4794a0821666d79190d59a36cb4f44b5-le64.cache-6
7fc88c001000-7fc88c002000 r--s 00000000 08:02 13762659                   /var/cache/fontconfig/bab58bb527bb656aaa9f116d68a48d89-le64.cache-6
7fc88c002000-7fc88c00d000 r--s 00000000 08:02 13762651                   /var/cache/fontconfig/83bf95040141907cd45bb53cf7c1c148-le64.cache-6
7fc88c00d000-7fc88c024000 r-xp 00000000 08:02 14029553                   /lib/x86_64-linux-gnu/libresolv-2.23.so
7fc88c024000-7fc88c224000 ---p 00017000 08:02 14029553                   /lib/x86_64-linux-gnu/libresolv-2.23.so
7fc88c224000-7fc88c225000 r--p 00017000 08:02 14029553                   /lib/x86_64-linux-gnu/libresolv-2.23.so
7fc88c225000-7fc88c226000 rw-p 00018000 08:02 14029553                   /lib/x86_64-linux-gnu/libresolv-2.23.so
7fc88c226000-7fc88c228000 rw-p 00000000 00:00 0 
7fc88c228000-7fc88c247000 r-xp 00000000 08:02 14029559                   /lib/x86_64-linux-gnu/libselinux.so.1
7fc88c247000-7fc88c446000 ---p 0001f000 08:02 14029559                   /lib/x86_64-linux-gnu/libselinux.so.1
7fc88c446000-7fc88c447000 r--p 0001e000 08:02 14029559                   /lib/x86_64-linux-gnu/libselinux.so.1
7fc88c447000-7fc88c448000 rw-p 0001f000 08:02 14029559                   /lib/x86_64-linux-gnu/libselinux.so.1
7fc88c448000-7fc88c44a000 rw-p 00000000 00:00 0 
7fc88c44a000-7fc88c463000 r-xp 00000000 08:02 14029592                   /lib/x86_64-linux-gnu/libz.so.1.2.8
7fc88c463000-7fc88c662000 ---p 00019000 08:02 14029592                   /lib/x86_64-linux-gnu/libz.so.1.2.8
7fc88c662000-7fc88c663000 r--p 00018000 08:02 14029592                   /lib/x86_64-linux-gnu/libz.so.1.2.8
7fc88c663000-7fc88c664000 rw-p 00019000 08:02 14029592                   /lib/x86_64-linux-gnu/libz.so.1.2.8
7fc88c664000-7fc88c675000 r-xp 00000000 08:02 5381870                    /usr/lib/x86_64-linux-gnu/libXext.so.6.4.0
7fc88c675000-7fc88c874000 ---p 00011000 08:02 5381870                    /usr/lib/x86_64-linux-gnu/libXext.so.6.4.0
7fc88c874000-7fc88c875000 r--p 00010000 08:02 5381870                    /usr/lib/x86_64-linux-gnu/libXext.so.6.4.0
7fc88c875000-7fc88c876000 rw-p 00011000 08:02 5381870                    /usr/lib/x86_64-linux-gnu/libXext.so.6.4.0
7fc88c876000-7fc88c878000 r-xp 00000000 08:02 5381866                    /usr/lib/x86_64-linux-gnu/libXdamage.so.1.1.0
7fc88c878000-7fc88ca77000 ---p 00002000 08:02 5381866                    /usr/lib/x86_64-linux-gnu/libXdamage.so.1.1.0
7fc88ca77000-7fc88ca78000 r--p 00001000 08:02 5381866                    /usr/lib/x86_64-linux-gnu/libXdamage.so.1.1.0
7fc88ca78000-7fc88ca79000 rw-p 00002000 08:02 5381866                    /usr/lib/x86_64-linux-gnu/libXdamage.so.1.1.0
7fc88ca79000-7fc88ca7b000 r-xp 00000000 08:02 5381862                    /usr/lib/x86_64-linux-gnu/libXcomposite.so.1.0.0
7fc88ca7b000-7fc88cc7a000 ---p 00002000 08:02 5381862                    /usr/lib/x86_64-linux-gnu/libXcomposite.so.1.0.0
7fc88cc7a000-7fc88cc7b000 r--p 00001000 08:02 5381862                    /usr/lib/x86_64-linux-gnu/libXcomposite.so.1.0.0
7fc88cc7b000-7fc88cc7c000 rw-p 00002000 08:02 5381862                    /usr/lib/x86_64-linux-gnu/libXcomposite.so.1.0.0
7fc88cc7c000-7fc88cc85000 r-xp 00000000 08:02 5379952                    /usr/lib/x86_64-linux-gnu/libXcursor.so.1.0.2
7fc88cc85000-7fc88ce84000 ---p 00009000 08:02 5379952                    /usr/lib/x86_64-linux-gnu/libXcursor.so.1.0.2
7fc88ce84000-7fc88ce85000 r--p 00008000 08:02 5379952                    /usr/lib/x86_64-linux-gnu/libXcursor.so.1.0.2
7fc88ce85000-7fc88ce86000 rw-p 00009000 08:02 5379952                    /usr/lib/x86_64-linux-gnu/libXcursor.so.1.0.2
7fc88ce86000-7fc88ce90000 r-xp 00000000 08:02 5381890                    /usr/lib/x86_64-linux-gnu/libXrandr.so.2.2.0
7fc88ce90000-7fc88d08f000 ---p 0000a000 08:02 5381890                    /usr/lib/x86_64-linux-gnu/libXrandr.so.2.2.0
7fc88d08f000-7fc88d090000 r--p 00009000 08:02 5381890                    /usr/lib/x86_64-linux-gnu/libXrandr.so.2.2.0
7fc88d090000-7fc88d091000 rw-p 0000a000 08:02 5381890                    /usr/lib/x86_64-linux-gnu/libXrandr.so.2.2.0
7fc88d091000-7fc88d0a0000 r-xp 00000000 08:02 5381880                    /usr/lib/x86_64-linux-gnu/libXi.so.6.1.0
7fc88d0a0000-7fc88d29f000 ---p 0000f000 08:02 5381880                    /usr/lib/x86_64-linux-gnu/libXi.so.6.1.0
7fc88d29f000-7fc88d2a0000 r--p 0000e000 08:02 5381880                    /usr/lib/x86_64-linux-gnu/libXi.so.6.1.0
7fc88d2a0000-7fc88d2a1000 rw-p 0000f000 08:02 5381880                    /usr/lib/x86_64-linux-gnu/libXi.so.6.1.0
7fc88d2a1000-7fc88d2a3000 r-xp 00000000 08:02 5381882                    /usr/lib/x86_64-linux-gnu/libXinerama.so.1.0.0
7fc88d2a3000-7fc88d4a2000 ---p 00002000 08:02 5381882                    /usr/lib/x86_64-linux-gnu/libXinerama.so.1.0.0
7fc88d4a2000-7fc88d4a3000 r--p 00001000 08:02 5381882                    /usr/lib/x86_64-linux-gnu/libXinerama.so.1.0.0
7fc88d4a3000-7fc88d4a4000 rw-p 00002000 08:02 5381882                    /usr/lib/x86_64-linux-gnu/libXinerama.so.1.0.0
7fc88d4a4000-7fc88d4ad000 r-xp 00000000 08:02 5381892                    /usr/lib/x86_64-linux-gnu/libXrender.so.1.3.0
7fc88d4ad000-7fc88d6ac000 ---p 00009000 08:02 5381892                    /usr/lib/x86_64-linux-gnu/libXrender.so.1.3.0
7fc88d6ac000-7fc88d6ad000 r--p 00008000 08:02 5381892                    /usr/lib/x86_64-linux-gnu/libXrender.so.1.3.0
7fc88d6ad000-7fc88d6ae000 rw-p 00009000 08:02 5381892                    /usr/lib/x86_64-linux-gnu/libXrender.so.1.3.0
7fc88d6ae000-7fc88d6b3000 r-xp 00000000 08:02 5381872                    /usr/lib/x86_64-linux-gnu/libXfixes.so.3.1.0
7fc88d6b3000-7fc88d8b2000 ---p 00005000 08:02 5381872                    /usr/lib/x86_64-linux-gnu/libXfixes.so.3.1.0
7fc88d8b2000-7fc88d8b3000 r--p 00004000 08:02 5381872                    /usr/lib/x86_64-linux-gnu/libXfixes.so.3.1.0
7fc88d8b3000-7fc88d8b4000 rw-p 00005000 08:02 5381872                    /usr/lib/x86_64-linux-gnu/libXfixes.so.3.1.0
7fc88d8b4000-7fc88d8ca000 r-xp 00000000 08:02 14029439                   /lib/x86_64-linux-gnu/libgcc_s.so.1
7fc88d8ca000-7fc88dac9000 ---p 00016000 08:02 14029439                   /lib/x86_64-linux-gnu/libgcc_s.so.1
7fc88dac9000-7fc88daca000 rw-p 00015000 08:02 14029439                   /lib/x86_64-linux-gnu/libgcc_s.so.1
7fc88daca000-7fc88dc3c000 r-xp 00000000 08:02 5374140                    /usr/lib/x86_64-linux-gnu/libstdc++.so.6.0.21
7fc88dc3c000-7fc88de3c000 ---p 00172000 08:02 5374140                    /usr/lib/x86_64-linux-gnu/libstdc++.so.6.0.21
7fc88de3c000-7fc88de46000 r--p 00172000 08:02 5374140                    /usr/lib/x86_64-linux-gnu/libstdc++.so.6.0.21
7fc88de46000-7fc88de48000 rw-p 0017c000 08:02 5374140                    /usr/lib/x86_64-linux-gnu/libstdc++.so.6.0.21
7fc88de48000-7fc88de4c000 rw-p 00000000 00:00 0 
7fc88de4c000-7fc88debc000 r-xp 00000000 08:02 5639523                    /usr/lib/x86_64-linux-gnu/mesa/libGL.so.1.2.0
7fc88debc000-7fc88e0bb000 ---p 00070000 08:02 5639523                    /usr/lib/x86_64-linux-gnu/mesa/libGL.so.1.2.0
7fc88e0bb000-7fc88e0be000 r--p 0006f000 08:02 5639523                    /usr/lib/x86_64-linux-gnu/mesa/libGL.so.1.2.0
7fc88e0be000-7fc88e0bf000 rw-p 00072000 08:02 5639523                    /usr/lib/x86_64-linux-gnu/mesa/libGL.so.1.2.0
7fc88e0bf000-7fc88e0c0000 rw-p 00000000 00:00 0 
7fc88e0c0000-7fc88e0c5000 r-xp 00000000 08:02 5381908                    /usr/lib/x86_64-linux-gnu/libXxf86vm.so.1.0.0
7fc88e0c5000-7fc88e2c4000 ---p 00005000 08:02 5381908                    /usr/lib/x86_64-linux-gnu/libXxf86vm.so.1.0.0
7fc88e2c4000-7fc88e2c5000 r--p 00004000 08:02 5381908                    /usr/lib/x86_64-linux-gnu/libXxf86vm.so.1.0.0
7fc88e2c5000-7fc88e2c6000 rw-p 00005000 08:02 5381908                    /usr/lib/x86_64-linux-gnu/libXxf86vm.so.1.0.0
7fc88e2c6000-7fc88e3fb000 r-xp 00000000 08:02 5374458                    /usr/lib/x86_64-linux-gnu/libX11.so.6.3.0
7fc88e3fb000-7fc88e5fb000 ---p 00135000 08:02 5374458                    /usr/lib/x86_64-linux-gnu/libX11.so.6.3.0
7fc88e5fb000-7fc88e5fc000 r--p 00135000 08:02 5374458                    /usr/lib/x86_64-linux-gnu/libX11.so.6.3.0
7fc88e5fc000-7fc88e600000 rw-p 00136000 08:02 5374458                    /usr/lib/x86_64-linux-gnu/libX11.so.6.3.0
7fc88e600000-7fc88e605000 r-xp 00000000 08:02 5381898                    /usr/lib/x86_64-linux-gnu/libXtst.so.6.1.0
7fc88e605000-7fc88e804000 ---p 00005000 08:02 5381898                    /usr/lib/x86_64-linux-gnu/libXtst.so.6.1.0
7fc88e804000-7fc88e805000 r--p 00004000 08:02 5381898                    /usr/lib/x86_64-linux-gnu/libXtst.so.6.1.0
7fc88e805000-7fc88e806000 rw-p 00005000 08:02 5381898                    /usr/lib/x86_64-linux-gnu/libXtst.so.6.1.0
7fc88e806000-7fc88e915000 r-xp 00000000 08:02 14029315                   /lib/x86_64-linux-gnu/libglib-2.0.so.0.4800.2
7fc88e915000-7fc88eb14000 ---p 0010f000 08:02 14029315                   /lib/x86_64-linux-gnu/libglib-2.0.so.0.4800.2
7fc88eb14000-7fc88eb15000 r--p 0010e000 08:02 14029315                   /lib/x86_64-linux-gnu/libglib-2.0.so.0.4800.2
7fc88eb15000-7fc88eb16000 rw-p 0010f000 08:02 14029315                   /lib/x86_64-linux-gnu/libglib-2.0.so.0.4800.2
7fc88eb16000-7fc88eb17000 rw-p 00000000 00:00 0 
7fc88eb17000-7fc88eb1a000 r-xp 00000000 08:02 5374236                    /usr/lib/x86_64-linux-gnu/libgmodule-2.0.so.0.4800.2
7fc88eb1a000-7fc88ed19000 ---p 00003000 08:02 5374236                    /usr/lib/x86_64-linux-gnu/libgmodule-2.0.so.0.4800.2
7fc88ed19000-7fc88ed1a000 r--p 00002000 08:02 5374236                    /usr/lib/x86_64-linux-gnu/libgmodule-2.0.so.0.4800.2
7fc88ed1a000-7fc88ed1b000 rw-p 00003000 08:02 5374236                    /usr/lib/x86_64-linux-gnu/libgmodule-2.0.so.0.4800.2
7fc88ed1b000-7fc88ed6d000 r-xp 00000000 08:02 5376567                    /usr/lib/x86_64-linux-gnu/libgobject-2.0.so.0.4800.2
7fc88ed6d000-7fc88ef6c000 ---p 00052000 08:02 5376567                    /usr/lib/x86_64-linux-gnu/libgobject-2.0.so.0.4800.2
7fc88ef6c000-7fc88ef6d000 r--p 00051000 08:02 5376567                    /usr/lib/x86_64-linux-gnu/libgobject-2.0.so.0.4800.2
7fc88ef6d000-7fc88ef6e000 rw-p 00052000 08:02 5376567                    /usr/lib/x86_64-linux-gnu/libgobject-2.0.so.0.4800.2
7fc88ef6e000-7fc88efab000 r-xp 00000000 08:02 5382261                    /usr/lib/x86_64-linux-gnu/libfontconfig.so.1.9.0
7fc88efab000-7fc88f1aa000 ---p 0003d000 08:02 5382261                    /usr/lib/x86_64-linux-gnu/libfontconfig.so.1.9.0
7fc88f1aa000-7fc88f1ac000 r--p 0003c000 08:02 5382261                    /usr/lib/x86_64-linux-gnu/libfontconfig.so.1.9.0
7fc88f1ac000-7fc88f1b1000 rw-p 0003e000 08:02 5382261                    /usr/lib/x86_64-linux-gnu/libfontconfig.so.1.9.0
7fc88f1b1000-7fc88f255000 r-xp 00000000 08:02 5382295                    /usr/lib/x86_64-linux-gnu/libfreetype.so.6.12.1
7fc88f255000-7fc88f454000 ---p 000a4000 08:02 5382295                    /usr/lib/x86_64-linux-gnu/libfreetype.so.6.12.1
7fc88f454000-7fc88f45a000 r--p 000a3000 08:02 5382295                    /usr/lib/x86_64-linux-gnu/libfreetype.so.6.12.1
7fc88f45a000-7fc88f45b000 rw-p 000a9000 08:02 5382295                    /usr/lib/x86_64-linux-gnu/libfreetype.so.6.12.1
7fc88f45b000-7fc88f4a4000 r-xp 00000000 08:02 5382816                    /usr/lib/x86_64-linux-gnu/libpango-1.0.so.0.3800.1
7fc88f4a4000-7fc88f6a4000 ---p 00049000 08:02 5382816                    /usr/lib/x86_64-linux-gnu/libpango-1.0.so.0.3800.1
7fc88f6a4000-7fc88f6a6000 r--p 00049000 08:02 5382816                    /usr/lib/x86_64-linux-gnu/libpango-1.0.so.0.3800.1
7fc88f6a6000-7fc88f6a7000 rw-p 0004b000 08:02 5382816                    /usr/lib/x86_64-linux-gnu/libpango-1.0.so.0.3800.1
7fc88f6a7000-7fc88f7b5000 r-xp 00000000 08:02 5382020                    /usr/lib/x86_64-linux-gnu/libcairo.so.2.11400.6
7fc88f7b5000-7fc88f9b5000 ---p 0010e000 08:02 5382020                    /usr/lib/x86_64-linux-gnu/libcairo.so.2.11400.6
7fc88f9b5000-7fc88f9b8000 r--p 0010e000 08:02 5382020                    /usr/lib/x86_64-linux-gnu/libcairo.so.2.11400.6
7fc88f9b8000-7fc88f9b9000 rw-p 00111000 08:02 5382020                    /usr/lib/x86_64-linux-gnu/libcairo.so.2.11400.6
7fc88f9b9000-7fc88f9bb000 rw-p 00000000 00:00 0 
7fc88f9bb000-7fc88f9c7000 r-xp 00000000 08:02 5382818                    /usr/lib/x86_64-linux-gnu/libpangocairo-1.0.so.0.3800.1
7fc88f9c7000-7fc88fbc6000 ---p 0000c000 08:02 5382818                    /usr/lib/x86_64-linux-gnu/libpangocairo-1.0.so.0.3800.1
7fc88fbc6000-7fc88fbc7000 r--p 0000b000 08:02 5382818                    /usr/lib/x86_64-linux-gnu/libpangocairo-1.0.so.0.3800.1
7fc88fbc7000-7fc88fbc8000 rw-p 0000c000 08:02 5382818                    /usr/lib/x86_64-linux-gnu/libpangocairo-1.0.so.0.3800.1
7fc88fbc8000-7fc88fbe9000 r-xp 00000000 08:02 5382336                    /usr/lib/x86_64-linux-gnu/libgdk_pixbuf-2.0.so.0.3200.2
7fc88fbe9000-7fc88fde8000 ---p 00021000 08:02 5382336                    /usr/lib/x86_64-linux-gnu/libgdk_pixbuf-2.0.so.0.3200.2
7fc88fde8000-7fc88fde9000 r--p 00020000 08:02 5382336                    /usr/lib/x86_64-linux-gnu/libgdk_pixbuf-2.0.so.0.3200.2
7fc88fde9000-7fc88fdea000 rw-p 00021000 08:02 5382336                    /usr/lib/x86_64-linux-gnu/libgdk_pixbuf-2.0.so.0.3200.2
7fc88fdea000-7fc88fdfe000 r-xp 00000000 08:02 5382820                    /usr/lib/x86_64-linux-gnu/libpangoft2-1.0.so.0.3800.1
7fc88fdfe000-7fc88fffe000 ---p 00014000 08:02 5382820                    /usr/lib/x86_64-linux-gnu/libpangoft2-1.0.so.0.3800.1
7fc88fffe000-7fc88ffff000 r--p 00014000 08:02 5382820                    /usr/lib/x86_64-linux-gnu/libpangoft2-1.0.so.0.3800.1
7fc88ffff000-7fc890000000 rw-p 00015000 08:02 5382820                    /usr/lib/x86_64-linux-gnu/libpangoft2-1.0.so.0.3800.1
7fc890000000-7fc890021000 rw-p 00000000 00:00 0 
7fc890021000-7fc894000000 ---p 00000000 00:00 0 
7fc894000000-7fc89482c000 rw-p 00000000 00:00 0 
7fc89482c000-7fc898000000 ---p 00000000 00:00 0 
7fc898000000-7fc898021000 rw-p 00000000 00:00 0 
7fc898021000-7fc89c000000 ---p 00000000 00:00 0 
7fc89c000000-7fc89c021000 rw-p 00000000 00:00 0 
7fc89c021000-7fc8a0000000 ---p 00000000 00:00 0 
7fc8a0000000-7fc8a0021000 rw-p 00000000 00:00 0 
7fc8a0021000-7fc8a4000000 ---p 00000000 00:00 0 
7fc8a4000000-7fc8a4021000 rw-p 00000000 00:00 0 
7fc8a4021000-7fc8a8000000 ---p 00000000 00:00 0 
7fc8a8000000-7fc8a8021000 rw-p 00000000 00:00 0 
7fc8a8021000-7fc8ac000000 ---p 00000000 00:00 0 
7fc8ac000000-7fc8ac001000 r-xp 00000000 08:02 5376570                    /usr/lib/x86_64-linux-gnu/libgthread-2.0.so.0.4800.2
7fc8ac001000-7fc8ac200000 ---p 00001000 08:02 5376570                    /usr/lib/x86_64-linux-gnu/libgthread-2.0.so.0.4800.2
7fc8ac200000-7fc8ac201000 r--p 00000000 08:02 5376570                    /usr/lib/x86_64-linux-gnu/libgthread-2.0.so.0.4800.2
7fc8ac201000-7fc8ac202000 rw-p 00001000 08:02 5376570                    /usr/lib/x86_64-linux-gnu/libgthread-2.0.so.0.4800.2
7fc8ac202000-7fc8ac382000 r-xp 00000000 08:02 5376569                    /usr/lib/x86_64-linux-gnu/libgio-2.0.so.0.4800.2
7fc8ac382000-7fc8ac582000 ---p 00180000 08:02 5376569                    /usr/lib/x86_64-linux-gnu/libgio-2.0.so.0.4800.2
7fc8ac582000-7fc8ac586000 r--p 00180000 08:02 5376569                    /usr/lib/x86_64-linux-gnu/libgio-2.0.so.0.4800.2
7fc8ac586000-7fc8ac588000 rw-p 00184000 08:02 5376569                    /usr/lib/x86_64-linux-gnu/libgio-2.0.so.0.4800.2
7fc8ac588000-7fc8ac58a000 rw-p 00000000 00:00 0 
7fc8ac58a000-7fc8ac5ac000 r-xp 00000000 08:02 5381963                    /usr/lib/x86_64-linux-gnu/libatk-1.0.so.0.21809.1
7fc8ac5ac000-7fc8ac7ab000 ---p 00022000 08:02 5381963                    /usr/lib/x86_64-linux-gnu/libatk-1.0.so.0.21809.1
7fc8ac7ab000-7fc8ac7ae000 r--p 00021000 08:02 5381963                    /usr/lib/x86_64-linux-gnu/libatk-1.0.so.0.21809.1
7fc8ac7ae000-7fc8ac7af000 rw-p 00024000 08:02 5381963                    /usr/lib/x86_64-linux-gnu/libatk-1.0.so.0.21809.1
7fc8ac7af000-7fc8ac85f000 r-xp 00000000 08:02 5382334                    /usr/lib/x86_64-linux-gnu/libgdk-x11-2.0.so.0.2400.30
7fc8ac85f000-7fc8aca5e000 ---p 000b0000 08:02 5382334                    /usr/lib/x86_64-linux-gnu/libgdk-x11-2.0.so.0.2400.30
7fc8aca5e000-7fc8aca62000 r--p 000af000 08:02 5382334                    /usr/lib/x86_64-linux-gnu/libgdk-x11-2.0.so.0.2400.30
7fc8aca62000-7fc8aca64000 rw-p 000b3000 08:02 5382334                    /usr/lib/x86_64-linux-gnu/libgdk-x11-2.0.so.0.2400.30
7fc8aca64000-7fc8acea2000 r-xp 00000000 08:02 5382479                    /usr/lib/x86_64-linux-gnu/libgtk-x11-2.0.so.0.2400.30
7fc8acea2000-7fc8ad0a1000 ---p 0043e000 08:02 5382479                    /usr/lib/x86_64-linux-gnu/libgtk-x11-2.0.so.0.2400.30
7fc8ad0a1000-7fc8ad0a8000 r--p 0043d000 08:02 5382479                    /usr/lib/x86_64-linux-gnu/libgtk-x11-2.0.so.0.2400.30
7fc8ad0a8000-7fc8ad0ac000 rw-p 00444000 08:02 5382479                    /usr/lib/x86_64-linux-gnu/libgtk-x11-2.0.so.0.2400.30
7fc8ad0ac000-7fc8ad0af000 rw-p 00000000 00:00 0 
7fc8ad0af000-7fc8ad0bb000 r-xp 00000000 08:02 15731186                   /home/blackran/jdk1.8.0_171/jre/lib/amd64/libprism_es2.so
7fc8ad0bb000-7fc8ad2ba000 ---p 0000c000 08:02 15731186                   /home/blackran/jdk1.8.0_171/jre/lib/amd64/libprism_es2.so
7fc8ad2ba000-7fc8ad2bb000 rw-p 0000b000 08:02 15731186                   /home/blackran/jdk1.8.0_171/jre/lib/amd64/libprism_es2.so
7fc8ad2bb000-7fc8ad2be000 ---p 00000000 00:00 0 
7fc8ad2be000-7fc8ad3bc000 rw-p 00000000 00:00 0 
7fc8ad3bc000-7fc8ad451000 r--s 01103000 08:02 15731190                   /home/blackran/jdk1.8.0_171/jre/lib/ext/jfxrt.jar
7fc8ad451000-7fc8ad452000 ---p 00000000 00:00 0 
7fc8ad452000-7fc8ad552000 rw-p 00000000 00:00 0 
7fc8ad552000-7fc8ad555000 ---p 00000000 00:00 0 
7fc8ad555000-7fc8ad653000 rw-p 00000000 00:00 0 
7fc8ad653000-7fc8ad656000 ---p 00000000 00:00 0 
7fc8ad656000-7fc8ad754000 rw-p 00000000 00:00 0 
7fc8ad754000-7fc8ad757000 ---p 00000000 00:00 0 
7fc8ad757000-7fc8ad855000 rw-p 00000000 00:00 0 
7fc8ad855000-7fc8ad858000 ---p 00000000 00:00 0 
7fc8ad858000-7fc8ad956000 rw-p 00000000 00:00 0 
7fc8ad956000-7fc8ae316000 r--p 00000000 08:02 5380945                    /usr/lib/locale/locale-archive
7fc8ae316000-7fc8ae319000 ---p 00000000 00:00 0 
7fc8ae319000-7fc8ae417000 rw-p 00000000 00:00 0 
7fc8ae417000-7fc8ae41a000 ---p 00000000 00:00 0 
7fc8ae41a000-7fc8ae518000 rw-p 00000000 00:00 0 
7fc8ae518000-7fc8ae519000 ---p 00000000 00:00 0 
7fc8ae519000-7fc8aef71000 rw-p 00000000 00:00 0 
7fc8aef71000-7fc8af14b000 r--s 03d68000 08:02 15603424                   /home/blackran/jdk1.8.0_171/jre/lib/rt.jar
7fc8af14b000-7fc8b094c000 rw-p 00000000 00:00 0 
7fc8b094c000-7fc8b094d000 ---p 00000000 00:00 0 
7fc8b094d000-7fc8b0a4d000 rw-p 00000000 00:00 0 
7fc8b0a4d000-7fc8b0a4e000 ---p 00000000 00:00 0 
7fc8b0a4e000-7fc8b0b5a000 rw-p 00000000 00:00 0 
7fc8b0b5a000-7fc8b0bee000 ---p 00000000 00:00 0 
7fc8b0bee000-7fc8b0bfc000 rw-p 00000000 00:00 0 
7fc8b0bfc000-7fc8b0c3f000 ---p 00000000 00:00 0 
7fc8b0c3f000-7fc8b0c67000 rw-p 00000000 00:00 0 
7fc8b0c67000-7fc8b1000000 ---p 00000000 00:00 0 
7fc8b1000000-7fc8b19b0000 rwxp 00000000 00:00 0 
7fc8b19b0000-7fc8c0000000 ---p 00000000 00:00 0 
7fc8c0000000-7fc8c0498000 rw-p 00000000 00:00 0 
7fc8c0498000-7fc8c4000000 ---p 00000000 00:00 0 
7fc8c4000000-7fc8c4001000 r--s 00000000 08:02 13762643                   /var/cache/fontconfig/56cf4f4769d0f4abc89a4895d7bd3ae1-le64.cache-6
7fc8c4001000-7fc8c4005000 r--s 00000000 08:02 13762664                   /var/cache/fontconfig/d589a48862398ed80a3d6066f4f56f4c-le64.cache-6
7fc8c4005000-7fc8c4012000 r--s 00000000 08:02 13762944                   /var/cache/fontconfig/e13b20fdb08344e0e664864cc2ede53d-le64.cache-6
7fc8c4012000-7fc8c40e3000 rw-p 00000000 00:00 0 
7fc8c40e3000-7fc8c40fe000 r-xp 00000000 08:02 15731292                   /home/blackran/jdk1.8.0_171/jre/lib/amd64/libzip.so
7fc8c40fe000-7fc8c42fe000 ---p 0001b000 08:02 15731292                   /home/blackran/jdk1.8.0_171/jre/lib/amd64/libzip.so
7fc8c42fe000-7fc8c42ff000 rw-p 0001b000 08:02 15731292                   /home/blackran/jdk1.8.0_171/jre/lib/amd64/libzip.so
7fc8c42ff000-7fc8c430a000 r-xp 00000000 08:02 14029500                   /lib/x86_64-linux-gnu/libnss_files-2.23.so
7fc8c430a000-7fc8c4509000 ---p 0000b000 08:02 14029500                   /lib/x86_64-linux-gnu/libnss_files-2.23.so
7fc8c4509000-7fc8c450a000 r--p 0000a000 08:02 14029500                   /lib/x86_64-linux-gnu/libnss_files-2.23.so
7fc8c450a000-7fc8c450b000 rw-p 0000b000 08:02 14029500                   /lib/x86_64-linux-gnu/libnss_files-2.23.so
7fc8c450b000-7fc8c4511000 rw-p 00000000 00:00 0 
7fc8c4511000-7fc8c451c000 r-xp 00000000 08:02 14029510                   /lib/x86_64-linux-gnu/libnss_nis-2.23.so
7fc8c451c000-7fc8c471b000 ---p 0000b000 08:02 14029510                   /lib/x86_64-linux-gnu/libnss_nis-2.23.so
7fc8c471b000-7fc8c471c000 r--p 0000a000 08:02 14029510                   /lib/x86_64-linux-gnu/libnss_nis-2.23.so
7fc8c471c000-7fc8c471d000 rw-p 0000b000 08:02 14029510                   /lib/x86_64-linux-gnu/libnss_nis-2.23.so
7fc8c471d000-7fc8c4733000 r-xp 00000000 08:02 14029494                   /lib/x86_64-linux-gnu/libnsl-2.23.so
7fc8c4733000-7fc8c4932000 ---p 00016000 08:02 14029494                   /lib/x86_64-linux-gnu/libnsl-2.23.so
7fc8c4932000-7fc8c4933000 r--p 00015000 08:02 14029494                   /lib/x86_64-linux-gnu/libnsl-2.23.so
7fc8c4933000-7fc8c4934000 rw-p 00016000 08:02 14029494                   /lib/x86_64-linux-gnu/libnsl-2.23.so
7fc8c4934000-7fc8c4936000 rw-p 00000000 00:00 0 
7fc8c4936000-7fc8c493e000 r-xp 00000000 08:02 14029496                   /lib/x86_64-linux-gnu/libnss_compat-2.23.so
7fc8c493e000-7fc8c4b3d000 ---p 00008000 08:02 14029496                   /lib/x86_64-linux-gnu/libnss_compat-2.23.so
7fc8c4b3d000-7fc8c4b3e000 r--p 00007000 08:02 14029496                   /lib/x86_64-linux-gnu/libnss_compat-2.23.so
7fc8c4b3e000-7fc8c4b3f000 rw-p 00008000 08:02 14029496                   /lib/x86_64-linux-gnu/libnss_compat-2.23.so
7fc8c4b3f000-7fc8c4b6a000 r-xp 00000000 08:02 15731270                   /home/blackran/jdk1.8.0_171/jre/lib/amd64/libjava.so
7fc8c4b6a000-7fc8c4d69000 ---p 0002b000 08:02 15731270                   /home/blackran/jdk1.8.0_171/jre/lib/amd64/libjava.so
7fc8c4d69000-7fc8c4d6b000 rw-p 0002a000 08:02 15731270                   /home/blackran/jdk1.8.0_171/jre/lib/amd64/libjava.so
7fc8c4d6b000-7fc8c4d78000 r-xp 00000000 08:02 15731240                   /home/blackran/jdk1.8.0_171/jre/lib/amd64/libverify.so
7fc8c4d78000-7fc8c4f78000 ---p 0000d000 08:02 15731240                   /home/blackran/jdk1.8.0_171/jre/lib/amd64/libverify.so
7fc8c4f78000-7fc8c4f7a000 rw-p 0000d000 08:02 15731240                   /home/blackran/jdk1.8.0_171/jre/lib/amd64/libverify.so
7fc8c4f7a000-7fc8c4f81000 r-xp 00000000 08:02 14029555                   /lib/x86_64-linux-gnu/librt-2.23.so
7fc8c4f81000-7fc8c5180000 ---p 00007000 08:02 14029555                   /lib/x86_64-linux-gnu/librt-2.23.so
7fc8c5180000-7fc8c5181000 r--p 00006000 08:02 14029555                   /lib/x86_64-linux-gnu/librt-2.23.so
7fc8c5181000-7fc8c5182000 rw-p 00007000 08:02 14029555                   /lib/x86_64-linux-gnu/librt-2.23.so
7fc8c5182000-7fc8c528a000 r-xp 00000000 08:02 14029471                   /lib/x86_64-linux-gnu/libm-2.23.so
7fc8c528a000-7fc8c5489000 ---p 00108000 08:02 14029471                   /lib/x86_64-linux-gnu/libm-2.23.so
7fc8c5489000-7fc8c548a000 r--p 00107000 08:02 14029471                   /lib/x86_64-linux-gnu/libm-2.23.so
7fc8c548a000-7fc8c548b000 rw-p 00108000 08:02 14029471                   /lib/x86_64-linux-gnu/libm-2.23.so
7fc8c548b000-7fc8c6164000 r-xp 00000000 08:02 15731169                   /home/blackran/jdk1.8.0_171/jre/lib/amd64/server/libjvm.so
7fc8c6164000-7fc8c6363000 ---p 00cd9000 08:02 15731169                   /home/blackran/jdk1.8.0_171/jre/lib/amd64/server/libjvm.so
7fc8c6363000-7fc8c643d000 rw-p 00cd8000 08:02 15731169                   /home/blackran/jdk1.8.0_171/jre/lib/amd64/server/libjvm.so
7fc8c643d000-7fc8c6488000 rw-p 00000000 00:00 0 
7fc8c6488000-7fc8c6648000 r-xp 00000000 08:02 14029401                   /lib/x86_64-linux-gnu/libc-2.23.so
7fc8c6648000-7fc8c6848000 ---p 001c0000 08:02 14029401                   /lib/x86_64-linux-gnu/libc-2.23.so
7fc8c6848000-7fc8c684c000 r--p 001c0000 08:02 14029401                   /lib/x86_64-linux-gnu/libc-2.23.so
7fc8c684c000-7fc8c684e000 rw-p 001c4000 08:02 14029401                   /lib/x86_64-linux-gnu/libc-2.23.so
7fc8c684e000-7fc8c6852000 rw-p 00000000 00:00 0 
7fc8c6852000-7fc8c6855000 r-xp 00000000 08:02 14029425                   /lib/x86_64-linux-gnu/libdl-2.23.so
7fc8c6855000-7fc8c6a54000 ---p 00003000 08:02 14029425                   /lib/x86_64-linux-gnu/libdl-2.23.so
7fc8c6a54000-7fc8c6a55000 r--p 00002000 08:02 14029425                   /lib/x86_64-linux-gnu/libdl-2.23.so
7fc8c6a55000-7fc8c6a56000 rw-p 00003000 08:02 14029425                   /lib/x86_64-linux-gnu/libdl-2.23.so
7fc8c6a56000-7fc8c6a6c000 r-xp 00000000 08:02 15731222                   /home/blackran/jdk1.8.0_171/jre/lib/amd64/jli/libjli.so
7fc8c6a6c000-7fc8c6c6b000 ---p 00016000 08:02 15731222                   /home/blackran/jdk1.8.0_171/jre/lib/amd64/jli/libjli.so
7fc8c6c6b000-7fc8c6c6c000 rw-p 00015000 08:02 15731222                   /home/blackran/jdk1.8.0_171/jre/lib/amd64/jli/libjli.so
7fc8c6c6c000-7fc8c6c84000 r-xp 00000000 08:02 14029547                   /lib/x86_64-linux-gnu/libpthread-2.23.so
7fc8c6c84000-7fc8c6e83000 ---p 00018000 08:02 14029547                   /lib/x86_64-linux-gnu/libpthread-2.23.so
7fc8c6e83000-7fc8c6e84000 r--p 00017000 08:02 14029547                   /lib/x86_64-linux-gnu/libpthread-2.23.so
7fc8c6e84000-7fc8c6e85000 rw-p 00018000 08:02 14029547                   /lib/x86_64-linux-gnu/libpthread-2.23.so
7fc8c6e85000-7fc8c6e89000 rw-p 00000000 00:00 0 
7fc8c6e89000-7fc8c6eaf000 r-xp 00000000 08:02 14029373                   /lib/x86_64-linux-gnu/ld-2.23.so
7fc8c6eaf000-7fc8c6eb0000 r--s 00000000 08:02 13762658                   /var/cache/fontconfig/b9d506c9ac06c20b433354fa67a72993-le64.cache-6
7fc8c6eb0000-7fc8c6eb1000 r--s 00000000 08:02 13762642                   /var/cache/fontconfig/551ecf3b0e8b0bca0f25c0944f561853-le64.cache-6
7fc8c6eb1000-7fc8c6eb2000 r--s 00000000 08:02 13762637                   /var/cache/fontconfig/30829fa25452a46451e813d634d7f916-le64.cache-6
7fc8c6eb2000-7fc8c6eb3000 r--s 00000000 08:02 13762631                   /var/cache/fontconfig/0c9eb80ebd1c36541ebe2852d3bb0c49-le64.cache-6
7fc8c6eb3000-7fc8c6eb6000 r--s 00000000 08:02 13762648                   /var/cache/fontconfig/75114ca45c98e8a441da0ff356701271-le64.cache-6
7fc8c6eb6000-7fc8c6ebe000 r--s 00000000 08:02 13767694                   /var/cache/fontconfig/5df9eba3d3f2d3afe4369d5c874815ce-le64.cache-6
7fc8c6ebe000-7fc8c6ec2000 r--s 00000000 08:02 13766341                   /var/cache/fontconfig/7ef2298fde41cc6eeb7af42e48b7d293-le64.cache-6
7fc8c6ec2000-7fc8c6eca000 r--s 000c4000 08:02 3276889                    /home/blackran/NetBeansProjects/tropikHotel/dist/run2132894471/lib/mysql-connector-java-5.1.23-bin.jar
7fc8c6eca000-7fc8c6ee1000 r--s 0026c000 08:02 3276888                    /home/blackran/NetBeansProjects/tropikHotel/dist/run2132894471/lib/jfoenix-8.0.7.jar
7fc8c6ee1000-7fc8c6ee5000 rw-s 00000000 00:18 865                        /i915 (deleted)
7fc8c6ee5000-7fc8c6eeb000 r--p 00000000 08:02 15612624                   /home/blackran/.config/dconf/user
7fc8c6eeb000-7fc8c6eef000 rw-s 00000000 00:18 353                        /i915 (deleted)
7fc8c6eef000-7fc8c6efb000 rw-p 00000000 00:00 0 
7fc8c6efb000-7fc8c6f90000 ---p 00000000 00:00 0 
7fc8c6f90000-7fc8c6f93000 ---p 00000000 00:00 0 
7fc8c6f93000-7fc8c7095000 rw-p 00000000 00:00 0 
7fc8c7096000-7fc8c7097000 r--s 00000000 00:2d 33                         /run/user/1000/dconf/user
7fc8c7097000-7fc8c7099000 r--s 0006c000 08:02 3276891                    /home/blackran/NetBeansProjects/tropikHotel/dist/run2132894471/tropikHotel.jar
7fc8c7099000-7fc8c70a3000 rw-p 00000000 00:00 0 
7fc8c70a3000-7fc8c70ab000 rw-s 00000000 08:02 7345039                    /tmp/hsperfdata_blackran/7411
7fc8c70ab000-7fc8c70ac000 rw-p 00000000 00:00 0 
7fc8c70ac000-7fc8c70ad000 r--p 00000000 00:00 0 
7fc8c70ad000-7fc8c70ae000 rw-p 00000000 00:00 0 
7fc8c70ae000-7fc8c70af000 r--p 00025000 08:02 14029373                   /lib/x86_64-linux-gnu/ld-2.23.so
7fc8c70af000-7fc8c70b0000 rw-p 00026000 08:02 14029373                   /lib/x86_64-linux-gnu/ld-2.23.so
7fc8c70b0000-7fc8c70b1000 rw-p 00000000 00:00 0 
7ffcfc7f1000-7ffcfc812000 rw-p 00000000 00:00 0                          [stack]
7ffcfc8bc000-7ffcfc8bf000 r--p 00000000 00:00 0                          [vvar]
7ffcfc8bf000-7ffcfc8c1000 r-xp 00000000 00:00 0                          [vdso]
ffffffffff600000-ffffffffff601000 r-xp 00000000 00:00 0                  [vsyscall]

VM Arguments:
jvm_args: -Dfile.encoding=UTF-8 
java_command: /home/blackran/NetBeansProjects/tropikHotel/dist/run2132894471/tropikHotel.jar
java_class_path (initial): /home/blackran/NetBeansProjects/tropikHotel/dist/run2132894471/tropikHotel.jar
Launcher Type: SUN_STANDARD

Environment Variables:
JAVA_HOME=/usr/lib/jvm/java-8-oracle
PATH=/home/blackran/bin:/home/blackran/.local/bin:/usr/local/sbin:/usr/local/bin:/usr/sbin:/usr/bin:/sbin:/bin:/usr/games:/usr/local/games:/snap/bin:/usr/lib/jvm/java-8-oracle/bin:/usr/lib/jvm/java-8-oracle/db/bin:/usr/lib/jvm/java-8-oracle/jre/bin
LD_LIBRARY_PATH=/home/blackran/jdk1.8.0_171/jre/lib/amd64:/home/blackran/jdk1.8.0_171/jre/lib/i386:
SHELL=/bin/bash
DISPLAY=:0

Signal Handlers:
SIGSEGV: [libjvm.so+0xad0890], sa_mask[0]=11111111011111111101111111111110, sa_flags=SA_RESTART|SA_SIGINFO
SIGBUS: [libjvm.so+0xad0890], sa_mask[0]=11111111011111111101111111111110, sa_flags=SA_RESTART|SA_SIGINFO
SIGFPE: [libjvm.so+0x928640], sa_mask[0]=11111111011111111101111111111110, sa_flags=SA_RESTART|SA_SIGINFO
SIGPIPE: SIG_IGN, sa_mask[0]=00000000000010000000000000000000, sa_flags=SA_RESTART
SIGXFSZ: [libjvm.so+0x928640], sa_mask[0]=11111111011111111101111111111110, sa_flags=SA_RESTART|SA_SIGINFO
SIGILL: [libjvm.so+0x928640], sa_mask[0]=11111111011111111101111111111110, sa_flags=SA_RESTART|SA_SIGINFO
SIGUSR1: SIG_DFL, sa_mask[0]=00000000000000000000000000000000, sa_flags=none
SIGUSR2: [libjvm.so+0x929ea0], sa_mask[0]=00100000000000000000000000000000, sa_flags=SA_RESTART|SA_SIGINFO
SIGHUP: [libjvm.so+0x92b2a0], sa_mask[0]=11111111011111111101111111111110, sa_flags=SA_RESTART|SA_SIGINFO
SIGINT: SIG_IGN, sa_mask[0]=00000000000000000000000000000000, sa_flags=none
SIGTERM: [libjvm.so+0x92b2a0], sa_mask[0]=11111111011111111101111111111110, sa_flags=SA_RESTART|SA_SIGINFO
SIGQUIT: [libjvm.so+0x92b2a0], sa_mask[0]=11111111011111111101111111111110, sa_flags=SA_RESTART|SA_SIGINFO


---------------  S Y S T E M  ---------------

OS:DISTRIB_ID=Ubuntu
DISTRIB_RELEASE=16.04
DISTRIB_CODENAME=xenial
DISTRIB_DESCRIPTION="Ubuntu 16.04.5 LTS"

uname:Linux 4.15.0-43-generic #46~16.04.1-Ubuntu SMP Fri Dec 7 13:31:08 UTC 2018 x86_64
libc:glibc 2.23 NPTL 2.23 
rlimit: STACK 8192k, CORE 0k, NPROC 7461, NOFILE 1048576, AS infinity
load average:3,40 2,75 2,05

/proc/meminfo:
MemTotal:        1969632 kB
MemFree:           77912 kB
MemAvailable:      64232 kB
Buffers:            3028 kB
Cached:           498832 kB
SwapCached:        17644 kB
Active:          1289688 kB
Inactive:         454536 kB
Active(anon):    1237856 kB
Inactive(anon):   411652 kB
Active(file):      51832 kB
Inactive(file):    42884 kB
Unevictable:          64 kB
Mlocked:              64 kB
SwapTotal:       5998588 kB
SwapFree:        4957936 kB
Dirty:               160 kB
Writeback:           260 kB
AnonPages:       1241664 kB
Mapped:            87364 kB
Shmem:            407068 kB
Slab:              61956 kB
SReclaimable:      27852 kB
SUnreclaim:        34104 kB
KernelStack:       10080 kB
PageTables:        41192 kB
NFS_Unstable:          0 kB
Bounce:                0 kB
WritebackTmp:          0 kB
CommitLimit:     6983404 kB
Committed_AS:    8251212 kB
VmallocTotal:   34359738367 kB
VmallocUsed:           0 kB
VmallocChunk:          0 kB
HardwareCorrupted:     0 kB
AnonHugePages:         0 kB
ShmemHugePages:        0 kB
ShmemPmdMapped:        0 kB
CmaTotal:              0 kB
CmaFree:               0 kB
HugePages_Total:       0
HugePages_Free:        0
HugePages_Rsvd:        0
HugePages_Surp:        0
Hugepagesize:       2048 kB
DirectMap4k:      120448 kB
DirectMap2M:     1904640 kB


CPU:total 2 (initial active 2) (2 cores per cpu, 1 threads per core) family 6 model 15 stepping 11, cmov, cx8, fxsr, mmx, sse, sse2, sse3, ssse3, tsc

/proc/cpuinfo:
processor	: 0
vendor_id	: GenuineIntel
cpu family	: 6
model		: 15
model name	: Intel(R) Core(TM)2 Duo CPU     T7700  @ 2.40GHz
stepping	: 11
microcode	: 0xba
cpu MHz		: 1225.770
cache size	: 4096 KB
physical id	: 0
siblings	: 2
core id		: 0
cpu cores	: 2
apicid		: 0
initial apicid	: 0
fpu		: yes
fpu_exception	: yes
cpuid level	: 10
wp		: yes
flags		: fpu vme de pse tsc msr pae mce cx8 apic sep mtrr pge mca cmov pat pse36 clflush dts acpi mmx fxsr sse sse2 ss ht tm pbe syscall nx lm constant_tsc arch_perfmon pebs bts rep_good nopl cpuid aperfmperf pni dtes64 monitor ds_cpl vmx est tm2 ssse3 cx16 xtpr pdcm lahf_lm pti tpr_shadow vnmi flexpriority dtherm ida
bugs		: cpu_meltdown spectre_v1 spectre_v2 spec_store_bypass l1tf
bogomips	: 4788.24
clflush size	: 64
cache_alignment	: 64
address sizes	: 36 bits physical, 48 bits virtual
power management:

processor	: 1
vendor_id	: GenuineIntel
cpu family	: 6
model		: 15
model name	: Intel(R) Core(TM)2 Duo CPU     T7700  @ 2.40GHz
stepping	: 11
microcode	: 0xba
cpu MHz		: 1286.907
cache size	: 4096 KB
physical id	: 0
siblings	: 2
core id		: 1
cpu cores	: 2
apicid		: 1
initial apicid	: 1
fpu		: yes
fpu_exception	: yes
cpuid level	: 10
wp		: yes
flags		: fpu vme de pse tsc msr pae mce cx8 apic sep mtrr pge mca cmov pat pse36 clflush dts acpi mmx fxsr sse sse2 ss ht tm pbe syscall nx lm constant_tsc arch_perfmon pebs bts rep_good nopl cpuid aperfmperf pni dtes64 monitor ds_cpl vmx est tm2 ssse3 cx16 xtpr pdcm lahf_lm pti tpr_shadow vnmi flexpriority dtherm ida
bugs		: cpu_meltdown spectre_v1 spectre_v2 spec_store_bypass l1tf
bogomips	: 4788.24
clflush size	: 64
cache_alignment	: 64
address sizes	: 36 bits physical, 48 bits virtual
power management:



Memory: 4k page, physical 1969632k(77912k free), swap 5998588k(4957936k free)

vm_info: Java HotSpot(TM) 64-Bit Server VM (25.171-b11) for linux-amd64 JRE (1.8.0_171-b11), built on Mar 28 2018 17:07:08 by "java_re" with gcc 4.3.0 20080428 (Red Hat 4.3.0-8)

time: Sun Jan  6 03:43:51 2019
elapsed time: 56 seconds (0d 0h 0m 56s)

